15:28:00.611 [restartedMain] INFO  com.ustcinfo.sdn.SdnApplication - Starting SdnApplication on yu with PID 11120 (started by dong in F:\Program Files (x86)\workspaceSMS\sdn-vmware-vijava) 
15:28:00.689 [restartedMain] INFO  com.ustcinfo.sdn.SdnApplication - No active profile set, falling back to default profiles: default 
15:28:03.866 [restartedMain] INFO  o.s.b.c.e.AnnotationConfigEmbeddedWebApplicationContext - Refreshing org.springframework.boot.context.embedded.AnnotationConfigEmbeddedWebApplicationContext@380bb853: startup date [Thu Nov 02 15:28:03 CST 2017]; root of context hierarchy 
15:28:16.733 [restartedMain] INFO  o.s.b.c.e.t.TomcatEmbeddedServletContainer - Tomcat initialized with port(s): 8080 (http) 
15:28:16.833 [restartedMain] INFO  o.a.catalina.core.StandardService - Starting service Tomcat 
15:28:16.849 [restartedMain] INFO  o.a.catalina.core.StandardEngine - Starting Servlet Engine: Apache Tomcat/8.5.14 
15:28:17.353 [localhost-startStop-1] INFO  o.a.c.c.C.[Tomcat].[localhost].[/] - Initializing Spring embedded WebApplicationContext 
15:28:17.353 [localhost-startStop-1] INFO  o.s.web.context.ContextLoader - Root WebApplicationContext: initialization completed in 13487 ms 
15:28:18.010 [localhost-startStop-1] INFO  o.s.b.w.s.ServletRegistrationBean - Mapping servlet: 'dispatcherServlet' to [/] 
15:28:18.021 [localhost-startStop-1] INFO  o.s.b.w.s.FilterRegistrationBean - Mapping filter: 'characterEncodingFilter' to: [/*] 
15:28:18.021 [localhost-startStop-1] INFO  o.s.b.w.s.FilterRegistrationBean - Mapping filter: 'hiddenHttpMethodFilter' to: [/*] 
15:28:18.021 [localhost-startStop-1] INFO  o.s.b.w.s.FilterRegistrationBean - Mapping filter: 'httpPutFormContentFilter' to: [/*] 
15:28:18.021 [localhost-startStop-1] INFO  o.s.b.w.s.FilterRegistrationBean - Mapping filter: 'requestContextFilter' to: [/*] 
15:28:19.318 [restartedMain] INFO  o.s.w.s.m.m.a.RequestMappingHandlerAdapter - Looking for @ControllerAdvice: org.springframework.boot.context.embedded.AnnotationConfigEmbeddedWebApplicationContext@380bb853: startup date [Thu Nov 02 15:28:03 CST 2017]; root of context hierarchy 
15:28:19.616 [restartedMain] INFO  o.s.w.s.m.m.a.RequestMappingHandlerMapping - Mapped "{[/getHostDetial],produces=[application/json;charset=UTF-8]}" onto public java.lang.String com.ustcinfo.sdn.vmware.controller.HostController.getHostDetial(java.lang.String) 
15:28:19.616 [restartedMain] INFO  o.s.w.s.m.m.a.RequestMappingHandlerMapping - Mapped "{[/connect]}" onto public java.lang.String com.ustcinfo.sdn.vmware.controller.TestController.connect() 
15:28:19.616 [restartedMain] INFO  o.s.w.s.m.m.a.RequestMappingHandlerMapping - Mapped "{[/disconnect]}" onto public java.lang.String com.ustcinfo.sdn.vmware.controller.TestController.disconnect() 
15:28:19.616 [restartedMain] INFO  o.s.w.s.m.m.a.RequestMappingHandlerMapping - Mapped "{[/getVMCPUPerByTimeRange],produces=[application/json;charset=UTF-8]}" onto public java.lang.String com.ustcinfo.sdn.vmware.controller.VmController.getVMCPUPerByTimeRange(java.lang.String) 
15:28:19.632 [restartedMain] INFO  o.s.w.s.m.m.a.RequestMappingHandlerMapping - Mapped "{[/getVmDetial],produces=[application/json;charset=UTF-8]}" onto public java.lang.String com.ustcinfo.sdn.vmware.controller.VmController.getVmDetial() 
15:28:19.632 [restartedMain] INFO  o.s.w.s.m.m.a.RequestMappingHandlerMapping - Mapped "{[/createVmByTemp],produces=[application/json;charset=UTF-8]}" onto public java.lang.String com.ustcinfo.sdn.vmware.controller.VmController.createVmByTemp(java.lang.String,java.lang.String,java.lang.String,java.lang.String) 
15:28:19.632 [restartedMain] INFO  o.s.w.s.m.m.a.RequestMappingHandlerMapping - Mapped "{[/getVMByName],produces=[application/json;charset=UTF-8]}" onto public java.lang.String com.ustcinfo.sdn.vmware.controller.VmController.getVMByName(java.lang.String) 
15:28:19.632 [restartedMain] INFO  o.s.w.s.m.m.a.RequestMappingHandlerMapping - Mapped "{[/index]}" onto public java.lang.String com.ustcinfo.sdn.vmware.controller.WebController.index() 
15:28:19.632 [restartedMain] INFO  o.s.w.s.m.m.a.RequestMappingHandlerMapping - Mapped "{[/whitelist]}" onto public java.lang.String com.ustcinfo.sdn.vmware.controller.WebController.whiteList() 
15:28:19.648 [restartedMain] INFO  o.s.w.s.m.m.a.RequestMappingHandlerMapping - Mapped "{[/error]}" onto public org.springframework.http.ResponseEntity<java.util.Map<java.lang.String, java.lang.Object>> org.springframework.boot.autoconfigure.web.BasicErrorController.error(javax.servlet.http.HttpServletRequest) 
15:28:19.648 [restartedMain] INFO  o.s.w.s.m.m.a.RequestMappingHandlerMapping - Mapped "{[/error],produces=[text/html]}" onto public org.springframework.web.servlet.ModelAndView org.springframework.boot.autoconfigure.web.BasicErrorController.errorHtml(javax.servlet.http.HttpServletRequest,javax.servlet.http.HttpServletResponse) 
15:28:20.054 [restartedMain] INFO  o.s.w.s.h.SimpleUrlHandlerMapping - Mapped URL path [/webjars/**] onto handler of type [class org.springframework.web.servlet.resource.ResourceHttpRequestHandler] 
15:28:20.054 [restartedMain] INFO  o.s.w.s.h.SimpleUrlHandlerMapping - Mapped URL path [/**] onto handler of type [class org.springframework.web.servlet.resource.ResourceHttpRequestHandler] 
15:28:20.241 [restartedMain] INFO  o.s.w.s.h.SimpleUrlHandlerMapping - Mapped URL path [/**/favicon.ico] onto handler of type [class org.springframework.web.servlet.resource.ResourceHttpRequestHandler] 
15:28:26.010 [restartedMain] INFO  o.s.b.d.a.OptionalLiveReloadServer - LiveReload server is running on port 35729 
15:28:26.969 [restartedMain] INFO  o.s.j.e.a.AnnotationMBeanExporter - Registering beans for JMX exposure on startup 
15:28:27.438 [restartedMain] INFO  o.s.b.c.e.t.TomcatEmbeddedServletContainer - Tomcat started on port(s): 8080 (http) 
15:28:27.478 [restartedMain] INFO  c.u.s.v.controller.StartupRunner - >>>>>>>>>>>>>>>服务启动执行，执行  <<<<<<<<<<<<< 
15:28:27.478 [restartedMain] INFO  com.ustcinfo.sdn.SdnApplication - Started SdnApplication in 29.618 seconds (JVM running for 33.661) 
15:28:27.540 [Vmware连接检测线程] INFO  c.u.sdn.vmware.Service.ClientSesion - 检查 连接状态 
15:28:27.587 [Vmware连接检测线程] ERROR c.u.sdn.vmware.Service.ClientSesion - 检查 异常 
java.lang.NullPointerException: null
	at com.ustcinfo.sdn.vmware.Service.ClientSesion.check(ClientSesion.java:72)
	at com.ustcinfo.sdn.vmware.Service.ClientSesion$KeepAlive.run(ClientSesion.java:86)
	at java.lang.Thread.run(Thread.java:745)
15:28:27.587 [Vmware连接检测线程] INFO  c.u.sdn.vmware.Service.ClientSesion - 检查 连接状态:断开连接，重新连接。 
15:28:31.478 [Vmware连接检测线程] INFO  c.u.sdn.vmware.Service.ClientSesion - 名称:VMware vCenter Server 5.5.0 build-3142196;版本:5.5.0;apiTypeVirtualCenter 
15:28:31.540 [Vmware连接检测线程] INFO  c.u.sdn.vmware.Service.ClientSesion - 检查 连接状态 
15:28:31.542 [Vmware连接检测线程] INFO  c.u.sdn.vmware.Service.ClientSesion - 检查 信息java.util.GregorianCalendar[time=?,areFieldsSet=false,areAllFieldsSet=true,lenient=true,zone=sun.util.calendar.ZoneInfo[id="GMT+00:00",offset=0,dstSavings=0,useDaylight=false,transitions=0,lastRule=null],firstDayOfWeek=1,minimalDaysInFirstWeek=1,ERA=1,YEAR=2017,MONTH=10,WEEK_OF_YEAR=1,WEEK_OF_MONTH=1,DAY_OF_MONTH=2,DAY_OF_YEAR=1,DAY_OF_WEEK=5,DAY_OF_WEEK_IN_MONTH=1,AM_PM=0,HOUR=0,HOUR_OF_DAY=7,MINUTE=28,SECOND=32,MILLISECOND=90,ZONE_OFFSET=0,DST_OFFSET=0] 
15:28:31.542 [Vmware连接检测线程] INFO  c.u.sdn.vmware.Service.ClientSesion - 检查 连接状态成功，休眠300000毫秒 
15:28:59.675 [http-nio-8080-exec-1] INFO  o.a.c.c.C.[Tomcat].[localhost].[/] - Initializing Spring FrameworkServlet 'dispatcherServlet' 
15:28:59.691 [http-nio-8080-exec-1] INFO  o.s.web.servlet.DispatcherServlet - FrameworkServlet 'dispatcherServlet': initialization started 
15:28:59.856 [http-nio-8080-exec-1] INFO  o.s.web.servlet.DispatcherServlet - FrameworkServlet 'dispatcherServlet': initialization completed in 165 ms 
15:33:31.554 [Vmware连接检测线程] INFO  c.u.sdn.vmware.Service.ClientSesion - 检查 连接状态 
15:33:31.572 [Vmware连接检测线程] INFO  c.u.sdn.vmware.Service.ClientSesion - 检查 信息java.util.GregorianCalendar[time=?,areFieldsSet=false,areAllFieldsSet=true,lenient=true,zone=sun.util.calendar.ZoneInfo[id="GMT+00:00",offset=0,dstSavings=0,useDaylight=false,transitions=0,lastRule=null],firstDayOfWeek=1,minimalDaysInFirstWeek=1,ERA=1,YEAR=2017,MONTH=10,WEEK_OF_YEAR=1,WEEK_OF_MONTH=1,DAY_OF_MONTH=2,DAY_OF_YEAR=1,DAY_OF_WEEK=5,DAY_OF_WEEK_IN_MONTH=1,AM_PM=0,HOUR=0,HOUR_OF_DAY=7,MINUTE=33,SECOND=32,MILLISECOND=133,ZONE_OFFSET=0,DST_OFFSET=0] 
15:33:31.572 [Vmware连接检测线程] INFO  c.u.sdn.vmware.Service.ClientSesion - 检查 连接状态成功，休眠300000毫秒 
15:50:13.074 [restartedMain] INFO  com.ustcinfo.sdn.SdnApplication - Starting SdnApplication on yu with PID 608 (started by dong in F:\Program Files (x86)\workspaceSMS\sdn-vmware-vijava) 
15:50:13.152 [restartedMain] INFO  com.ustcinfo.sdn.SdnApplication - No active profile set, falling back to default profiles: default 
15:50:14.914 [restartedMain] INFO  o.s.b.c.e.AnnotationConfigEmbeddedWebApplicationContext - Refreshing org.springframework.boot.context.embedded.AnnotationConfigEmbeddedWebApplicationContext@76fefc23: startup date [Thu Nov 02 15:50:14 CST 2017]; root of context hierarchy 
15:50:24.716 [restartedMain] INFO  o.s.b.c.e.t.TomcatEmbeddedServletContainer - Tomcat initialized with port(s): 8080 (http) 
15:50:24.804 [restartedMain] INFO  o.a.catalina.core.StandardService - Starting service Tomcat 
15:50:24.804 [restartedMain] INFO  o.a.catalina.core.StandardEngine - Starting Servlet Engine: Apache Tomcat/8.5.14 
15:50:25.289 [localhost-startStop-1] INFO  o.a.c.c.C.[Tomcat].[localhost].[/] - Initializing Spring embedded WebApplicationContext 
15:50:25.289 [localhost-startStop-1] INFO  o.s.web.context.ContextLoader - Root WebApplicationContext: initialization completed in 10375 ms 
15:50:25.898 [localhost-startStop-1] INFO  o.s.b.w.s.ServletRegistrationBean - Mapping servlet: 'dispatcherServlet' to [/] 
15:50:25.913 [localhost-startStop-1] INFO  o.s.b.w.s.FilterRegistrationBean - Mapping filter: 'characterEncodingFilter' to: [/*] 
15:50:25.913 [localhost-startStop-1] INFO  o.s.b.w.s.FilterRegistrationBean - Mapping filter: 'hiddenHttpMethodFilter' to: [/*] 
15:50:25.913 [localhost-startStop-1] INFO  o.s.b.w.s.FilterRegistrationBean - Mapping filter: 'httpPutFormContentFilter' to: [/*] 
15:50:25.913 [localhost-startStop-1] INFO  o.s.b.w.s.FilterRegistrationBean - Mapping filter: 'requestContextFilter' to: [/*] 
15:50:27.085 [restartedMain] INFO  o.s.w.s.m.m.a.RequestMappingHandlerAdapter - Looking for @ControllerAdvice: org.springframework.boot.context.embedded.AnnotationConfigEmbeddedWebApplicationContext@76fefc23: startup date [Thu Nov 02 15:50:14 CST 2017]; root of context hierarchy 
15:50:27.441 [restartedMain] INFO  o.s.w.s.m.m.a.RequestMappingHandlerMapping - Mapped "{[/getHostDetial],produces=[application/json;charset=UTF-8]}" onto public java.lang.String com.ustcinfo.sdn.vmware.controller.HostController.getHostDetial(java.lang.String) 
15:50:27.441 [restartedMain] INFO  o.s.w.s.m.m.a.RequestMappingHandlerMapping - Mapped "{[/connect]}" onto public java.lang.String com.ustcinfo.sdn.vmware.controller.TestController.connect() 
15:50:27.441 [restartedMain] INFO  o.s.w.s.m.m.a.RequestMappingHandlerMapping - Mapped "{[/disconnect]}" onto public java.lang.String com.ustcinfo.sdn.vmware.controller.TestController.disconnect() 
15:50:27.456 [restartedMain] INFO  o.s.w.s.m.m.a.RequestMappingHandlerMapping - Mapped "{[/getVMCPUPerByTimeRange],produces=[application/json;charset=UTF-8]}" onto public java.lang.String com.ustcinfo.sdn.vmware.controller.VmController.getVMCPUPerByTimeRange(java.lang.String) 
15:50:27.456 [restartedMain] INFO  o.s.w.s.m.m.a.RequestMappingHandlerMapping - Mapped "{[/getVmDetial],produces=[application/json;charset=UTF-8]}" onto public java.lang.String com.ustcinfo.sdn.vmware.controller.VmController.getVmDetial() 
15:50:27.456 [restartedMain] INFO  o.s.w.s.m.m.a.RequestMappingHandlerMapping - Mapped "{[/vmOperate],produces=[application/json;charset=UTF-8]}" onto public java.lang.String com.ustcinfo.sdn.vmware.controller.VmController.vmOperate(java.lang.String,java.lang.String,java.lang.String) 
15:50:27.472 [restartedMain] INFO  o.s.w.s.m.m.a.RequestMappingHandlerMapping - Mapped "{[/getVMByName],produces=[application/json;charset=UTF-8]}" onto public java.lang.String com.ustcinfo.sdn.vmware.controller.VmController.getVMByName(java.lang.String) 
15:50:27.472 [restartedMain] INFO  o.s.w.s.m.m.a.RequestMappingHandlerMapping - Mapped "{[/createVmByTemp],produces=[application/json;charset=UTF-8]}" onto public java.lang.String com.ustcinfo.sdn.vmware.controller.VmController.createVmByTemp(java.lang.String,java.lang.String,java.lang.String,java.lang.String) 
15:50:27.487 [restartedMain] INFO  o.s.w.s.m.m.a.RequestMappingHandlerMapping - Mapped "{[/index]}" onto public java.lang.String com.ustcinfo.sdn.vmware.controller.WebController.index() 
15:50:27.487 [restartedMain] INFO  o.s.w.s.m.m.a.RequestMappingHandlerMapping - Mapped "{[/whitelist]}" onto public java.lang.String com.ustcinfo.sdn.vmware.controller.WebController.whiteList() 
15:50:27.534 [restartedMain] INFO  o.s.w.s.m.m.a.RequestMappingHandlerMapping - Mapped "{[/error]}" onto public org.springframework.http.ResponseEntity<java.util.Map<java.lang.String, java.lang.Object>> org.springframework.boot.autoconfigure.web.BasicErrorController.error(javax.servlet.http.HttpServletRequest) 
15:50:27.534 [restartedMain] INFO  o.s.w.s.m.m.a.RequestMappingHandlerMapping - Mapped "{[/error],produces=[text/html]}" onto public org.springframework.web.servlet.ModelAndView org.springframework.boot.autoconfigure.web.BasicErrorController.errorHtml(javax.servlet.http.HttpServletRequest,javax.servlet.http.HttpServletResponse) 
15:50:27.784 [restartedMain] INFO  o.s.w.s.h.SimpleUrlHandlerMapping - Mapped URL path [/webjars/**] onto handler of type [class org.springframework.web.servlet.resource.ResourceHttpRequestHandler] 
15:50:27.784 [restartedMain] INFO  o.s.w.s.h.SimpleUrlHandlerMapping - Mapped URL path [/**] onto handler of type [class org.springframework.web.servlet.resource.ResourceHttpRequestHandler] 
15:50:27.987 [restartedMain] INFO  o.s.w.s.h.SimpleUrlHandlerMapping - Mapped URL path [/**/favicon.ico] onto handler of type [class org.springframework.web.servlet.resource.ResourceHttpRequestHandler] 
15:50:31.068 [restartedMain] INFO  o.s.b.d.a.OptionalLiveReloadServer - LiveReload server is running on port 35729 
15:50:31.317 [restartedMain] INFO  o.s.j.e.a.AnnotationMBeanExporter - Registering beans for JMX exposure on startup 
15:50:31.723 [restartedMain] INFO  o.s.b.c.e.t.TomcatEmbeddedServletContainer - Tomcat started on port(s): 8080 (http) 
15:50:31.755 [restartedMain] INFO  c.u.s.v.controller.StartupRunner - >>>>>>>>>>>>>>>服务启动执行，执行  <<<<<<<<<<<<< 
15:50:31.755 [Vmware连接检测线程] INFO  c.u.sdn.vmware.Service.ClientSesion - 检查 连接状态 
15:50:31.755 [restartedMain] INFO  com.ustcinfo.sdn.SdnApplication - Started SdnApplication in 20.886 seconds (JVM running for 24.373) 
15:50:31.755 [Vmware连接检测线程] ERROR c.u.sdn.vmware.Service.ClientSesion - 检查 异常 
java.lang.NullPointerException: null
	at com.ustcinfo.sdn.vmware.Service.ClientSesion.check(ClientSesion.java:72)
	at com.ustcinfo.sdn.vmware.Service.ClientSesion$KeepAlive.run(ClientSesion.java:86)
	at java.lang.Thread.run(Thread.java:745)
15:50:31.770 [Vmware连接检测线程] INFO  c.u.sdn.vmware.Service.ClientSesion - 检查 连接状态:断开连接，重新连接。 
15:50:35.020 [Vmware连接检测线程] INFO  c.u.sdn.vmware.Service.ClientSesion - 名称:VMware vCenter Server 5.5.0 build-3142196;版本:5.5.0;apiTypeVirtualCenter 
15:50:35.035 [Vmware连接检测线程] INFO  c.u.sdn.vmware.Service.ClientSesion - 检查 连接状态 
15:50:35.047 [Vmware连接检测线程] INFO  c.u.sdn.vmware.Service.ClientSesion - 检查 信息java.util.GregorianCalendar[time=?,areFieldsSet=false,areAllFieldsSet=true,lenient=true,zone=sun.util.calendar.ZoneInfo[id="GMT+00:00",offset=0,dstSavings=0,useDaylight=false,transitions=0,lastRule=null],firstDayOfWeek=1,minimalDaysInFirstWeek=1,ERA=1,YEAR=2017,MONTH=10,WEEK_OF_YEAR=1,WEEK_OF_MONTH=1,DAY_OF_MONTH=2,DAY_OF_YEAR=1,DAY_OF_WEEK=5,DAY_OF_WEEK_IN_MONTH=1,AM_PM=0,HOUR=0,HOUR_OF_DAY=7,MINUTE=50,SECOND=35,MILLISECOND=620,ZONE_OFFSET=0,DST_OFFSET=0] 
15:50:35.047 [Vmware连接检测线程] INFO  c.u.sdn.vmware.Service.ClientSesion - 检查 连接状态成功，休眠300000毫秒 
15:55:35.055 [Vmware连接检测线程] INFO  c.u.sdn.vmware.Service.ClientSesion - 检查 连接状态 
15:55:35.074 [Vmware连接检测线程] INFO  c.u.sdn.vmware.Service.ClientSesion - 检查 信息java.util.GregorianCalendar[time=?,areFieldsSet=false,areAllFieldsSet=true,lenient=true,zone=sun.util.calendar.ZoneInfo[id="GMT+00:00",offset=0,dstSavings=0,useDaylight=false,transitions=0,lastRule=null],firstDayOfWeek=1,minimalDaysInFirstWeek=1,ERA=1,YEAR=2017,MONTH=10,WEEK_OF_YEAR=1,WEEK_OF_MONTH=1,DAY_OF_MONTH=2,DAY_OF_YEAR=1,DAY_OF_WEEK=5,DAY_OF_WEEK_IN_MONTH=1,AM_PM=0,HOUR=0,HOUR_OF_DAY=7,MINUTE=55,SECOND=35,MILLISECOND=656,ZONE_OFFSET=0,DST_OFFSET=0] 
15:55:35.074 [Vmware连接检测线程] INFO  c.u.sdn.vmware.Service.ClientSesion - 检查 连接状态成功，休眠300000毫秒 
16:00:35.104 [Vmware连接检测线程] INFO  c.u.sdn.vmware.Service.ClientSesion - 检查 连接状态 
16:00:35.127 [Vmware连接检测线程] INFO  c.u.sdn.vmware.Service.ClientSesion - 检查 信息java.util.GregorianCalendar[time=?,areFieldsSet=false,areAllFieldsSet=true,lenient=true,zone=sun.util.calendar.ZoneInfo[id="GMT+00:00",offset=0,dstSavings=0,useDaylight=false,transitions=0,lastRule=null],firstDayOfWeek=1,minimalDaysInFirstWeek=1,ERA=1,YEAR=2017,MONTH=10,WEEK_OF_YEAR=1,WEEK_OF_MONTH=1,DAY_OF_MONTH=2,DAY_OF_YEAR=1,DAY_OF_WEEK=5,DAY_OF_WEEK_IN_MONTH=1,AM_PM=0,HOUR=0,HOUR_OF_DAY=8,MINUTE=0,SECOND=35,MILLISECOND=716,ZONE_OFFSET=0,DST_OFFSET=0] 
16:00:35.127 [Vmware连接检测线程] INFO  c.u.sdn.vmware.Service.ClientSesion - 检查 连接状态成功，休眠300000毫秒 
16:05:35.139 [Vmware连接检测线程] INFO  c.u.sdn.vmware.Service.ClientSesion - 检查 连接状态 
16:05:35.156 [Vmware连接检测线程] INFO  c.u.sdn.vmware.Service.ClientSesion - 检查 信息java.util.GregorianCalendar[time=?,areFieldsSet=false,areAllFieldsSet=true,lenient=true,zone=sun.util.calendar.ZoneInfo[id="GMT+00:00",offset=0,dstSavings=0,useDaylight=false,transitions=0,lastRule=null],firstDayOfWeek=1,minimalDaysInFirstWeek=1,ERA=1,YEAR=2017,MONTH=10,WEEK_OF_YEAR=1,WEEK_OF_MONTH=1,DAY_OF_MONTH=2,DAY_OF_YEAR=1,DAY_OF_WEEK=5,DAY_OF_WEEK_IN_MONTH=1,AM_PM=0,HOUR=0,HOUR_OF_DAY=8,MINUTE=5,SECOND=35,MILLISECOND=753,ZONE_OFFSET=0,DST_OFFSET=0] 
16:05:35.172 [Vmware连接检测线程] INFO  c.u.sdn.vmware.Service.ClientSesion - 检查 连接状态成功，休眠300000毫秒 
16:10:35.178 [Vmware连接检测线程] INFO  c.u.sdn.vmware.Service.ClientSesion - 检查 连接状态 
16:10:35.197 [Vmware连接检测线程] INFO  c.u.sdn.vmware.Service.ClientSesion - 检查 信息java.util.GregorianCalendar[time=?,areFieldsSet=false,areAllFieldsSet=true,lenient=true,zone=sun.util.calendar.ZoneInfo[id="GMT+00:00",offset=0,dstSavings=0,useDaylight=false,transitions=0,lastRule=null],firstDayOfWeek=1,minimalDaysInFirstWeek=1,ERA=1,YEAR=2017,MONTH=10,WEEK_OF_YEAR=1,WEEK_OF_MONTH=1,DAY_OF_MONTH=2,DAY_OF_YEAR=1,DAY_OF_WEEK=5,DAY_OF_WEEK_IN_MONTH=1,AM_PM=0,HOUR=0,HOUR_OF_DAY=8,MINUTE=10,SECOND=35,MILLISECOND=792,ZONE_OFFSET=0,DST_OFFSET=0] 
16:10:35.197 [Vmware连接检测线程] INFO  c.u.sdn.vmware.Service.ClientSesion - 检查 连接状态成功，休眠300000毫秒 
16:15:35.208 [Vmware连接检测线程] INFO  c.u.sdn.vmware.Service.ClientSesion - 检查 连接状态 
16:15:35.239 [Vmware连接检测线程] INFO  c.u.sdn.vmware.Service.ClientSesion - 检查 信息java.util.GregorianCalendar[time=?,areFieldsSet=false,areAllFieldsSet=true,lenient=true,zone=sun.util.calendar.ZoneInfo[id="GMT+00:00",offset=0,dstSavings=0,useDaylight=false,transitions=0,lastRule=null],firstDayOfWeek=1,minimalDaysInFirstWeek=1,ERA=1,YEAR=2017,MONTH=10,WEEK_OF_YEAR=1,WEEK_OF_MONTH=1,DAY_OF_MONTH=2,DAY_OF_YEAR=1,DAY_OF_WEEK=5,DAY_OF_WEEK_IN_MONTH=1,AM_PM=0,HOUR=0,HOUR_OF_DAY=8,MINUTE=15,SECOND=35,MILLISECOND=833,ZONE_OFFSET=0,DST_OFFSET=0] 
16:15:35.239 [Vmware连接检测线程] INFO  c.u.sdn.vmware.Service.ClientSesion - 检查 连接状态成功，休眠300000毫秒 
16:20:35.240 [Vmware连接检测线程] INFO  c.u.sdn.vmware.Service.ClientSesion - 检查 连接状态 
16:20:35.282 [Vmware连接检测线程] INFO  c.u.sdn.vmware.Service.ClientSesion - 检查 信息java.util.GregorianCalendar[time=?,areFieldsSet=false,areAllFieldsSet=true,lenient=true,zone=sun.util.calendar.ZoneInfo[id="GMT+00:00",offset=0,dstSavings=0,useDaylight=false,transitions=0,lastRule=null],firstDayOfWeek=1,minimalDaysInFirstWeek=1,ERA=1,YEAR=2017,MONTH=10,WEEK_OF_YEAR=1,WEEK_OF_MONTH=1,DAY_OF_MONTH=2,DAY_OF_YEAR=1,DAY_OF_WEEK=5,DAY_OF_WEEK_IN_MONTH=1,AM_PM=0,HOUR=0,HOUR_OF_DAY=8,MINUTE=20,SECOND=35,MILLISECOND=871,ZONE_OFFSET=0,DST_OFFSET=0] 
16:20:35.282 [Vmware连接检测线程] INFO  c.u.sdn.vmware.Service.ClientSesion - 检查 连接状态成功，休眠300000毫秒 
16:25:35.297 [Vmware连接检测线程] INFO  c.u.sdn.vmware.Service.ClientSesion - 检查 连接状态 
16:25:35.320 [Vmware连接检测线程] INFO  c.u.sdn.vmware.Service.ClientSesion - 检查 信息java.util.GregorianCalendar[time=?,areFieldsSet=false,areAllFieldsSet=true,lenient=true,zone=sun.util.calendar.ZoneInfo[id="GMT+00:00",offset=0,dstSavings=0,useDaylight=false,transitions=0,lastRule=null],firstDayOfWeek=1,minimalDaysInFirstWeek=1,ERA=1,YEAR=2017,MONTH=10,WEEK_OF_YEAR=1,WEEK_OF_MONTH=1,DAY_OF_MONTH=2,DAY_OF_YEAR=1,DAY_OF_WEEK=5,DAY_OF_WEEK_IN_MONTH=1,AM_PM=0,HOUR=0,HOUR_OF_DAY=8,MINUTE=25,SECOND=35,MILLISECOND=936,ZONE_OFFSET=0,DST_OFFSET=0] 
16:25:35.320 [Vmware连接检测线程] INFO  c.u.sdn.vmware.Service.ClientSesion - 检查 连接状态成功，休眠300000毫秒 
16:30:35.362 [Vmware连接检测线程] INFO  c.u.sdn.vmware.Service.ClientSesion - 检查 连接状态 
16:30:35.397 [Vmware连接检测线程] INFO  c.u.sdn.vmware.Service.ClientSesion - 检查 信息java.util.GregorianCalendar[time=?,areFieldsSet=false,areAllFieldsSet=true,lenient=true,zone=sun.util.calendar.ZoneInfo[id="GMT+00:00",offset=0,dstSavings=0,useDaylight=false,transitions=0,lastRule=null],firstDayOfWeek=1,minimalDaysInFirstWeek=1,ERA=1,YEAR=2017,MONTH=10,WEEK_OF_YEAR=1,WEEK_OF_MONTH=1,DAY_OF_MONTH=2,DAY_OF_YEAR=1,DAY_OF_WEEK=5,DAY_OF_WEEK_IN_MONTH=1,AM_PM=0,HOUR=0,HOUR_OF_DAY=8,MINUTE=30,SECOND=36,MILLISECOND=7,ZONE_OFFSET=0,DST_OFFSET=0] 
16:30:35.398 [Vmware连接检测线程] INFO  c.u.sdn.vmware.Service.ClientSesion - 检查 连接状态成功，休眠300000毫秒 
16:35:35.410 [Vmware连接检测线程] INFO  c.u.sdn.vmware.Service.ClientSesion - 检查 连接状态 
16:35:35.445 [Vmware连接检测线程] INFO  c.u.sdn.vmware.Service.ClientSesion - 检查 信息java.util.GregorianCalendar[time=?,areFieldsSet=false,areAllFieldsSet=true,lenient=true,zone=sun.util.calendar.ZoneInfo[id="GMT+00:00",offset=0,dstSavings=0,useDaylight=false,transitions=0,lastRule=null],firstDayOfWeek=1,minimalDaysInFirstWeek=1,ERA=1,YEAR=2017,MONTH=10,WEEK_OF_YEAR=1,WEEK_OF_MONTH=1,DAY_OF_MONTH=2,DAY_OF_YEAR=1,DAY_OF_WEEK=5,DAY_OF_WEEK_IN_MONTH=1,AM_PM=0,HOUR=0,HOUR_OF_DAY=8,MINUTE=35,SECOND=36,MILLISECOND=60,ZONE_OFFSET=0,DST_OFFSET=0] 
16:35:35.445 [Vmware连接检测线程] INFO  c.u.sdn.vmware.Service.ClientSesion - 检查 连接状态成功，休眠300000毫秒 
17:18:16.687 [restartedMain] INFO  com.ustcinfo.sdn.SdnApplication - Starting SdnApplication on yu with PID 3488 (started by dong in F:\Program Files (x86)\workspaceSMS\sdn-vmware-vijava) 
17:18:16.749 [restartedMain] INFO  com.ustcinfo.sdn.SdnApplication - No active profile set, falling back to default profiles: default 
17:18:18.140 [restartedMain] INFO  o.s.b.c.e.AnnotationConfigEmbeddedWebApplicationContext - Refreshing org.springframework.boot.context.embedded.AnnotationConfigEmbeddedWebApplicationContext@380bb853: startup date [Thu Nov 02 17:18:18 CST 2017]; root of context hierarchy 
17:18:31.919 [restartedMain] INFO  o.s.b.c.e.t.TomcatEmbeddedServletContainer - Tomcat initialized with port(s): 8080 (http) 
17:18:32.162 [restartedMain] INFO  o.a.catalina.core.StandardService - Starting service Tomcat 
17:18:32.177 [restartedMain] INFO  o.a.catalina.core.StandardEngine - Starting Servlet Engine: Apache Tomcat/8.5.14 
17:18:32.849 [localhost-startStop-1] INFO  o.a.c.c.C.[Tomcat].[localhost].[/] - Initializing Spring embedded WebApplicationContext 
17:18:32.849 [localhost-startStop-1] INFO  o.s.web.context.ContextLoader - Root WebApplicationContext: initialization completed in 14709 ms 
17:18:33.693 [localhost-startStop-1] INFO  o.s.b.w.s.ServletRegistrationBean - Mapping servlet: 'dispatcherServlet' to [/] 
17:18:33.757 [localhost-startStop-1] INFO  o.s.b.w.s.FilterRegistrationBean - Mapping filter: 'characterEncodingFilter' to: [/*] 
17:18:33.757 [localhost-startStop-1] INFO  o.s.b.w.s.FilterRegistrationBean - Mapping filter: 'hiddenHttpMethodFilter' to: [/*] 
17:18:33.757 [localhost-startStop-1] INFO  o.s.b.w.s.FilterRegistrationBean - Mapping filter: 'httpPutFormContentFilter' to: [/*] 
17:18:33.757 [localhost-startStop-1] INFO  o.s.b.w.s.FilterRegistrationBean - Mapping filter: 'requestContextFilter' to: [/*] 
17:18:36.889 [restartedMain] INFO  o.s.w.s.m.m.a.RequestMappingHandlerAdapter - Looking for @ControllerAdvice: org.springframework.boot.context.embedded.AnnotationConfigEmbeddedWebApplicationContext@380bb853: startup date [Thu Nov 02 17:18:18 CST 2017]; root of context hierarchy 
17:18:38.463 [restartedMain] INFO  o.s.w.s.m.m.a.RequestMappingHandlerMapping - Mapped "{[/getHostDetial],produces=[application/json;charset=UTF-8]}" onto public java.lang.String com.ustcinfo.sdn.vmware.controller.HostController.getHostDetial(java.lang.String) 
17:18:38.476 [restartedMain] INFO  o.s.w.s.m.m.a.RequestMappingHandlerMapping - Mapped "{[/connect]}" onto public java.lang.String com.ustcinfo.sdn.vmware.controller.TestController.connect() 
17:18:38.476 [restartedMain] INFO  o.s.w.s.m.m.a.RequestMappingHandlerMapping - Mapped "{[/disconnect]}" onto public java.lang.String com.ustcinfo.sdn.vmware.controller.TestController.disconnect() 
17:18:38.476 [restartedMain] INFO  o.s.w.s.m.m.a.RequestMappingHandlerMapping - Mapped "{[/getVMByName],produces=[application/json;charset=UTF-8]}" onto public java.lang.String com.ustcinfo.sdn.vmware.controller.VmController.getVMByName(java.lang.String) 
17:18:38.476 [restartedMain] INFO  o.s.w.s.m.m.a.RequestMappingHandlerMapping - Mapped "{[/getVmDetial],produces=[application/json;charset=UTF-8]}" onto public java.lang.String com.ustcinfo.sdn.vmware.controller.VmController.getVmDetial() 
17:18:38.476 [restartedMain] INFO  o.s.w.s.m.m.a.RequestMappingHandlerMapping - Mapped "{[/vmOperate],produces=[application/json;charset=UTF-8]}" onto public java.lang.String com.ustcinfo.sdn.vmware.controller.VmController.vmOperate(java.lang.String,java.lang.String,java.lang.String) 
17:18:38.476 [restartedMain] INFO  o.s.w.s.m.m.a.RequestMappingHandlerMapping - Mapped "{[/createVmByTemp],produces=[application/json;charset=UTF-8]}" onto public java.lang.String com.ustcinfo.sdn.vmware.controller.VmController.createVmByTemp(java.lang.String,java.lang.String,java.lang.String,java.lang.String) 
17:18:38.476 [restartedMain] INFO  o.s.w.s.m.m.a.RequestMappingHandlerMapping - Mapped "{[/getVMCPUPerByTimeRange],produces=[application/json;charset=UTF-8]}" onto public java.lang.String com.ustcinfo.sdn.vmware.controller.VmController.getVMCPUPerByTimeRange(java.lang.String) 
17:18:38.476 [restartedMain] INFO  o.s.w.s.m.m.a.RequestMappingHandlerMapping - Mapped "{[/index]}" onto public java.lang.String com.ustcinfo.sdn.vmware.controller.WebController.index() 
17:18:38.476 [restartedMain] INFO  o.s.w.s.m.m.a.RequestMappingHandlerMapping - Mapped "{[/whitelist]}" onto public java.lang.String com.ustcinfo.sdn.vmware.controller.WebController.whiteList() 
17:18:38.491 [restartedMain] INFO  o.s.w.s.m.m.a.RequestMappingHandlerMapping - Mapped "{[/error]}" onto public org.springframework.http.ResponseEntity<java.util.Map<java.lang.String, java.lang.Object>> org.springframework.boot.autoconfigure.web.BasicErrorController.error(javax.servlet.http.HttpServletRequest) 
17:18:38.538 [restartedMain] INFO  o.s.w.s.m.m.a.RequestMappingHandlerMapping - Mapped "{[/error],produces=[text/html]}" onto public org.springframework.web.servlet.ModelAndView org.springframework.boot.autoconfigure.web.BasicErrorController.errorHtml(javax.servlet.http.HttpServletRequest,javax.servlet.http.HttpServletResponse) 
17:18:38.695 [restartedMain] INFO  o.s.w.s.h.SimpleUrlHandlerMapping - Mapped URL path [/webjars/**] onto handler of type [class org.springframework.web.servlet.resource.ResourceHttpRequestHandler] 
17:18:38.695 [restartedMain] INFO  o.s.w.s.h.SimpleUrlHandlerMapping - Mapped URL path [/**] onto handler of type [class org.springframework.web.servlet.resource.ResourceHttpRequestHandler] 
17:18:38.898 [restartedMain] INFO  o.s.w.s.h.SimpleUrlHandlerMapping - Mapped URL path [/**/favicon.ico] onto handler of type [class org.springframework.web.servlet.resource.ResourceHttpRequestHandler] 
17:18:41.764 [restartedMain] INFO  o.s.b.d.a.OptionalLiveReloadServer - LiveReload server is running on port 35729 
17:18:42.059 [restartedMain] INFO  o.s.j.e.a.AnnotationMBeanExporter - Registering beans for JMX exposure on startup 
17:18:42.653 [restartedMain] INFO  o.s.b.c.e.t.TomcatEmbeddedServletContainer - Tomcat started on port(s): 8080 (http) 
17:18:42.716 [restartedMain] INFO  c.u.s.v.controller.StartupRunner - >>>>>>>>>>>>>>>服务启动执行，执行  <<<<<<<<<<<<< 
17:18:42.747 [restartedMain] INFO  com.ustcinfo.sdn.SdnApplication - Started SdnApplication in 28.441 seconds (JVM running for 33.245) 
17:18:42.872 [Vmware连接检测线程] INFO  c.u.sdn.vmware.Service.ClientSesion - 检查 连接状态 
17:18:42.895 [Vmware连接检测线程] ERROR c.u.sdn.vmware.Service.ClientSesion - 检查 异常 
java.lang.NullPointerException: null
	at com.ustcinfo.sdn.vmware.Service.ClientSesion.check(ClientSesion.java:72)
	at com.ustcinfo.sdn.vmware.Service.ClientSesion$KeepAlive.run(ClientSesion.java:86)
	at java.lang.Thread.run(Thread.java:745)
17:18:42.895 [Vmware连接检测线程] INFO  c.u.sdn.vmware.Service.ClientSesion - 检查 连接状态:断开连接，重新连接。 
17:18:46.889 [Vmware连接检测线程] INFO  c.u.sdn.vmware.Service.ClientSesion - 名称:VMware vCenter Server 5.5.0 build-3142196;版本:5.5.0;apiTypeVirtualCenter 
17:18:46.905 [Vmware连接检测线程] INFO  c.u.sdn.vmware.Service.ClientSesion - 检查 连接状态 
17:18:46.912 [Vmware连接检测线程] INFO  c.u.sdn.vmware.Service.ClientSesion - 检查 信息java.util.GregorianCalendar[time=?,areFieldsSet=false,areAllFieldsSet=true,lenient=true,zone=sun.util.calendar.ZoneInfo[id="GMT+00:00",offset=0,dstSavings=0,useDaylight=false,transitions=0,lastRule=null],firstDayOfWeek=1,minimalDaysInFirstWeek=1,ERA=1,YEAR=2017,MONTH=10,WEEK_OF_YEAR=1,WEEK_OF_MONTH=1,DAY_OF_MONTH=2,DAY_OF_YEAR=1,DAY_OF_WEEK=5,DAY_OF_WEEK_IN_MONTH=1,AM_PM=0,HOUR=0,HOUR_OF_DAY=9,MINUTE=18,SECOND=47,MILLISECOND=593,ZONE_OFFSET=0,DST_OFFSET=0] 
17:18:46.912 [Vmware连接检测线程] INFO  c.u.sdn.vmware.Service.ClientSesion - 检查 连接状态成功，休眠300000毫秒 
17:19:52.902 [http-nio-8080-exec-1] INFO  o.a.c.c.C.[Tomcat].[localhost].[/] - Initializing Spring FrameworkServlet 'dispatcherServlet' 
17:19:52.902 [http-nio-8080-exec-1] INFO  o.s.web.servlet.DispatcherServlet - FrameworkServlet 'dispatcherServlet': initialization started 
17:19:53.000 [http-nio-8080-exec-1] INFO  o.s.web.servlet.DispatcherServlet - FrameworkServlet 'dispatcherServlet': initialization completed in 98 ms 
17:19:54.547 [http-nio-8080-exec-1] INFO  c.u.s.vmware.Service.VmOperaService - VirtualMachine name:TEST20171102 
17:20:10.172 [http-nio-8080-exec-1] INFO  c.u.s.vmware.Service.VmOperaService - TEST20171102 suspended 
17:20:10.172 [http-nio-8080-exec-1] INFO  c.u.s.vmware.Service.VmOperaService - TEST20171102 suspend  sucess 
17:22:15.738 [http-nio-8080-exec-3] INFO  c.u.s.vmware.Service.VmOperaService - VirtualMachine name:TEST20171102 
17:22:16.571 [http-nio-8080-exec-3] INFO  c.u.s.vmware.Service.VmOperaService - TEST20171102 powered off 
17:22:16.571 [http-nio-8080-exec-3] INFO  c.u.s.vmware.Service.VmOperaService - TEST20171102 poweroff  sucess 
17:23:23.133 [http-nio-8080-exec-5] INFO  c.u.s.vmware.Service.VmOperaService - VirtualMachine name:TEST20171102 
17:23:25.376 [http-nio-8080-exec-5] INFO  c.u.s.vmware.Service.VmOperaService - TEST20171102 powered on 
17:23:25.392 [http-nio-8080-exec-5] INFO  c.u.s.vmware.Service.VmOperaService - TEST20171102 poweron  sucess 
17:23:46.916 [Vmware连接检测线程] INFO  c.u.sdn.vmware.Service.ClientSesion - 检查 连接状态 
17:23:46.936 [Vmware连接检测线程] INFO  c.u.sdn.vmware.Service.ClientSesion - 检查 信息java.util.GregorianCalendar[time=?,areFieldsSet=false,areAllFieldsSet=true,lenient=true,zone=sun.util.calendar.ZoneInfo[id="GMT+00:00",offset=0,dstSavings=0,useDaylight=false,transitions=0,lastRule=null],firstDayOfWeek=1,minimalDaysInFirstWeek=1,ERA=1,YEAR=2017,MONTH=10,WEEK_OF_YEAR=1,WEEK_OF_MONTH=1,DAY_OF_MONTH=2,DAY_OF_YEAR=1,DAY_OF_WEEK=5,DAY_OF_WEEK_IN_MONTH=1,AM_PM=0,HOUR=0,HOUR_OF_DAY=9,MINUTE=23,SECOND=47,MILLISECOND=613,ZONE_OFFSET=0,DST_OFFSET=0] 
17:23:46.936 [Vmware连接检测线程] INFO  c.u.sdn.vmware.Service.ClientSesion - 检查 连接状态成功，休眠300000毫秒 
17:24:06.187 [http-nio-8080-exec-6] INFO  c.u.s.vmware.Service.VmOperaService - VirtualMachine name:TEST20171102 
17:24:21.988 [http-nio-8080-exec-6] INFO  c.u.s.vmware.Service.VmOperaService - TEST20171102 guest OS stoodby 
17:24:21.988 [http-nio-8080-exec-6] INFO  c.u.s.vmware.Service.VmOperaService - TEST20171102 standby  sucess 
17:26:01.672 [http-nio-8080-exec-8] INFO  c.u.s.vmware.Service.VmOperaService - VirtualMachine name:TEST20171102 
17:26:01.844 [http-nio-8080-exec-8] ERROR c.u.s.vmware.Service.VmOperaService - TEST20171102 reboot  error : 
java.rmi.RemoteException: VI SDK invoke exception:com.vmware.vim25.InvalidPowerState
	at com.vmware.vim25.ws.WSClient.invoke(WSClient.java:123)
	at com.vmware.vim25.ws.VimStub.rebootGuest(VimStub.java:1937)
	at com.vmware.vim25.mo.VirtualMachine.rebootGuest(VirtualMachine.java:332)
	at com.ustcinfo.sdn.vmware.Service.VmOperaService.vmOperate(VmOperaService.java:39)
	at com.ustcinfo.sdn.vmware.controller.VmController.vmOperate(VmController.java:59)
	at sun.reflect.NativeMethodAccessorImpl.invoke0(Native Method)
	at sun.reflect.NativeMethodAccessorImpl.invoke(NativeMethodAccessorImpl.java:62)
	at sun.reflect.DelegatingMethodAccessorImpl.invoke(DelegatingMethodAccessorImpl.java:43)
	at java.lang.reflect.Method.invoke(Method.java:483)
	at org.springframework.web.method.support.InvocableHandlerMethod.doInvoke(InvocableHandlerMethod.java:205)
	at org.springframework.web.method.support.InvocableHandlerMethod.invokeForRequest(InvocableHandlerMethod.java:133)
	at org.springframework.web.servlet.mvc.method.annotation.ServletInvocableHandlerMethod.invokeAndHandle(ServletInvocableHandlerMethod.java:97)
	at org.springframework.web.servlet.mvc.method.annotation.RequestMappingHandlerAdapter.invokeHandlerMethod(RequestMappingHandlerAdapter.java:827)
	at org.springframework.web.servlet.mvc.method.annotation.RequestMappingHandlerAdapter.handleInternal(RequestMappingHandlerAdapter.java:738)
	at org.springframework.web.servlet.mvc.method.AbstractHandlerMethodAdapter.handle(AbstractHandlerMethodAdapter.java:85)
	at org.springframework.web.servlet.DispatcherServlet.doDispatch(DispatcherServlet.java:963)
	at org.springframework.web.servlet.DispatcherServlet.doService(DispatcherServlet.java:897)
	at org.springframework.web.servlet.FrameworkServlet.processRequest(FrameworkServlet.java:970)
	at org.springframework.web.servlet.FrameworkServlet.doGet(FrameworkServlet.java:861)
	at javax.servlet.http.HttpServlet.service(HttpServlet.java:635)
	at org.springframework.web.servlet.FrameworkServlet.service(FrameworkServlet.java:846)
	at javax.servlet.http.HttpServlet.service(HttpServlet.java:742)
	at org.apache.catalina.core.ApplicationFilterChain.internalDoFilter(ApplicationFilterChain.java:231)
	at org.apache.catalina.core.ApplicationFilterChain.doFilter(ApplicationFilterChain.java:166)
	at org.apache.tomcat.websocket.server.WsFilter.doFilter(WsFilter.java:52)
	at org.apache.catalina.core.ApplicationFilterChain.internalDoFilter(ApplicationFilterChain.java:193)
	at org.apache.catalina.core.ApplicationFilterChain.doFilter(ApplicationFilterChain.java:166)
	at org.springframework.web.filter.RequestContextFilter.doFilterInternal(RequestContextFilter.java:99)
	at org.springframework.web.filter.OncePerRequestFilter.doFilter(OncePerRequestFilter.java:107)
	at org.apache.catalina.core.ApplicationFilterChain.internalDoFilter(ApplicationFilterChain.java:193)
	at org.apache.catalina.core.ApplicationFilterChain.doFilter(ApplicationFilterChain.java:166)
	at org.springframework.web.filter.HttpPutFormContentFilter.doFilterInternal(HttpPutFormContentFilter.java:105)
	at org.springframework.web.filter.OncePerRequestFilter.doFilter(OncePerRequestFilter.java:107)
	at org.apache.catalina.core.ApplicationFilterChain.internalDoFilter(ApplicationFilterChain.java:193)
	at org.apache.catalina.core.ApplicationFilterChain.doFilter(ApplicationFilterChain.java:166)
	at org.springframework.web.filter.HiddenHttpMethodFilter.doFilterInternal(HiddenHttpMethodFilter.java:81)
	at org.springframework.web.filter.OncePerRequestFilter.doFilter(OncePerRequestFilter.java:107)
	at org.apache.catalina.core.ApplicationFilterChain.internalDoFilter(ApplicationFilterChain.java:193)
	at org.apache.catalina.core.ApplicationFilterChain.doFilter(ApplicationFilterChain.java:166)
	at org.springframework.web.filter.CharacterEncodingFilter.doFilterInternal(CharacterEncodingFilter.java:197)
	at org.springframework.web.filter.OncePerRequestFilter.doFilter(OncePerRequestFilter.java:107)
	at org.apache.catalina.core.ApplicationFilterChain.internalDoFilter(ApplicationFilterChain.java:193)
	at org.apache.catalina.core.ApplicationFilterChain.doFilter(ApplicationFilterChain.java:166)
	at org.apache.catalina.core.StandardWrapperValve.invoke(StandardWrapperValve.java:198)
	at org.apache.catalina.core.StandardContextValve.invoke(StandardContextValve.java:96)
	at org.apache.catalina.authenticator.AuthenticatorBase.invoke(AuthenticatorBase.java:478)
	at org.apache.catalina.core.StandardHostValve.invoke(StandardHostValve.java:140)
	at org.apache.catalina.valves.ErrorReportValve.invoke(ErrorReportValve.java:80)
	at org.apache.catalina.core.StandardEngineValve.invoke(StandardEngineValve.java:87)
	at org.apache.catalina.connector.CoyoteAdapter.service(CoyoteAdapter.java:342)
	at org.apache.coyote.http11.Http11Processor.service(Http11Processor.java:799)
	at org.apache.coyote.AbstractProcessorLight.process(AbstractProcessorLight.java:66)
	at org.apache.coyote.AbstractProtocol$ConnectionHandler.process(AbstractProtocol.java:861)
	at org.apache.tomcat.util.net.NioEndpoint$SocketProcessor.doRun(NioEndpoint.java:1455)
	at org.apache.tomcat.util.net.SocketProcessorBase.run(SocketProcessorBase.java:49)
	at java.util.concurrent.ThreadPoolExecutor.runWorker(ThreadPoolExecutor.java:1142)
	at java.util.concurrent.ThreadPoolExecutor$Worker.run(ThreadPoolExecutor.java:617)
	at org.apache.tomcat.util.threads.TaskThread$WrappingRunnable.run(TaskThread.java:61)
	at java.lang.Thread.run(Thread.java:745)
17:26:46.646 [http-nio-8080-exec-9] INFO  c.u.s.vmware.Service.VmOperaService - VirtualMachine name:TEST20171102 
17:26:51.698 [http-nio-8080-exec-9] INFO  c.u.s.vmware.Service.VmOperaService - TEST20171102 powered on 
17:26:51.698 [http-nio-8080-exec-9] INFO  c.u.s.vmware.Service.VmOperaService - TEST20171102 poweron  sucess 
17:27:59.094 [http-nio-8080-exec-1] INFO  c.u.s.vmware.Service.VmOperaService - VirtualMachine name:TEST20171102 
17:27:59.222 [http-nio-8080-exec-1] INFO  c.u.s.vmware.Service.VmOperaService - TEST20171102 guest OS rebooted 
17:27:59.222 [http-nio-8080-exec-1] INFO  c.u.s.vmware.Service.VmOperaService - TEST20171102 reboot  sucess 
17:28:46.957 [Vmware连接检测线程] INFO  c.u.sdn.vmware.Service.ClientSesion - 检查 连接状态 
17:28:46.977 [Vmware连接检测线程] INFO  c.u.sdn.vmware.Service.ClientSesion - 检查 信息java.util.GregorianCalendar[time=?,areFieldsSet=false,areAllFieldsSet=true,lenient=true,zone=sun.util.calendar.ZoneInfo[id="GMT+00:00",offset=0,dstSavings=0,useDaylight=false,transitions=0,lastRule=null],firstDayOfWeek=1,minimalDaysInFirstWeek=1,ERA=1,YEAR=2017,MONTH=10,WEEK_OF_YEAR=1,WEEK_OF_MONTH=1,DAY_OF_MONTH=2,DAY_OF_YEAR=1,DAY_OF_WEEK=5,DAY_OF_WEEK_IN_MONTH=1,AM_PM=0,HOUR=0,HOUR_OF_DAY=9,MINUTE=28,SECOND=47,MILLISECOND=658,ZONE_OFFSET=0,DST_OFFSET=0] 
17:28:46.977 [Vmware连接检测线程] INFO  c.u.sdn.vmware.Service.ClientSesion - 检查 连接状态成功，休眠300000毫秒 
17:30:05.664 [http-nio-8080-exec-3] INFO  c.u.s.vmware.Service.VmOperaService - VirtualMachine name:TEST20171102 
17:30:05.805 [http-nio-8080-exec-3] INFO  c.u.s.vmware.Service.VmOperaService - TEST20171102 guest OS shutdown 
17:30:05.805 [http-nio-8080-exec-3] INFO  c.u.s.vmware.Service.VmOperaService - TEST20171102 shutdown  sucess 
17:33:46.987 [Vmware连接检测线程] INFO  c.u.sdn.vmware.Service.ClientSesion - 检查 连接状态 
17:33:47.009 [Vmware连接检测线程] INFO  c.u.sdn.vmware.Service.ClientSesion - 检查 信息java.util.GregorianCalendar[time=?,areFieldsSet=false,areAllFieldsSet=true,lenient=true,zone=sun.util.calendar.ZoneInfo[id="GMT+00:00",offset=0,dstSavings=0,useDaylight=false,transitions=0,lastRule=null],firstDayOfWeek=1,minimalDaysInFirstWeek=1,ERA=1,YEAR=2017,MONTH=10,WEEK_OF_YEAR=1,WEEK_OF_MONTH=1,DAY_OF_MONTH=2,DAY_OF_YEAR=1,DAY_OF_WEEK=5,DAY_OF_WEEK_IN_MONTH=1,AM_PM=0,HOUR=0,HOUR_OF_DAY=9,MINUTE=33,SECOND=47,MILLISECOND=701,ZONE_OFFSET=0,DST_OFFSET=0] 
17:33:47.009 [Vmware连接检测线程] INFO  c.u.sdn.vmware.Service.ClientSesion - 检查 连接状态成功，休眠300000毫秒 
17:36:58.797 [http-nio-8080-exec-5] INFO  c.u.s.vmware.Service.VmOperaService - VirtualMachine name:TEST20171102 
17:37:01.114 [http-nio-8080-exec-5] INFO  c.u.s.vmware.Service.VmOperaService - TEST20171102 powered on 
17:37:01.211 [http-nio-8080-exec-5] INFO  c.u.s.vmware.Service.VmOperaService - TEST20171102 poweron  sucess 
17:37:13.634 [http-nio-8080-exec-6] INFO  c.u.s.vmware.Service.VmOperaService - VirtualMachine name:TEST20171102 
17:37:13.667 [http-nio-8080-exec-6] INFO  c.u.s.vmware.Service.VmOperaService - TEST20171102 guest OS shutdown 
17:37:13.669 [http-nio-8080-exec-6] INFO  c.u.s.vmware.Service.VmOperaService - TEST20171102 rename  sucess 
17:38:47.017 [Vmware连接检测线程] INFO  c.u.sdn.vmware.Service.ClientSesion - 检查 连接状态 
17:38:47.036 [Vmware连接检测线程] INFO  c.u.sdn.vmware.Service.ClientSesion - 检查 信息java.util.GregorianCalendar[time=?,areFieldsSet=false,areAllFieldsSet=true,lenient=true,zone=sun.util.calendar.ZoneInfo[id="GMT+00:00",offset=0,dstSavings=0,useDaylight=false,transitions=0,lastRule=null],firstDayOfWeek=1,minimalDaysInFirstWeek=1,ERA=1,YEAR=2017,MONTH=10,WEEK_OF_YEAR=1,WEEK_OF_MONTH=1,DAY_OF_MONTH=2,DAY_OF_YEAR=1,DAY_OF_WEEK=5,DAY_OF_WEEK_IN_MONTH=1,AM_PM=0,HOUR=0,HOUR_OF_DAY=9,MINUTE=38,SECOND=47,MILLISECOND=731,ZONE_OFFSET=0,DST_OFFSET=0] 
17:38:47.036 [Vmware连接检测线程] INFO  c.u.sdn.vmware.Service.ClientSesion - 检查 连接状态成功，休眠300000毫秒 
17:43:47.036 [Vmware连接检测线程] INFO  c.u.sdn.vmware.Service.ClientSesion - 检查 连接状态 
17:43:47.057 [Vmware连接检测线程] INFO  c.u.sdn.vmware.Service.ClientSesion - 检查 信息java.util.GregorianCalendar[time=?,areFieldsSet=false,areAllFieldsSet=true,lenient=true,zone=sun.util.calendar.ZoneInfo[id="GMT+00:00",offset=0,dstSavings=0,useDaylight=false,transitions=0,lastRule=null],firstDayOfWeek=1,minimalDaysInFirstWeek=1,ERA=1,YEAR=2017,MONTH=10,WEEK_OF_YEAR=1,WEEK_OF_MONTH=1,DAY_OF_MONTH=2,DAY_OF_YEAR=1,DAY_OF_WEEK=5,DAY_OF_WEEK_IN_MONTH=1,AM_PM=0,HOUR=0,HOUR_OF_DAY=9,MINUTE=43,SECOND=47,MILLISECOND=758,ZONE_OFFSET=0,DST_OFFSET=0] 
17:43:47.057 [Vmware连接检测线程] INFO  c.u.sdn.vmware.Service.ClientSesion - 检查 连接状态成功，休眠300000毫秒 
17:48:47.063 [Vmware连接检测线程] INFO  c.u.sdn.vmware.Service.ClientSesion - 检查 连接状态 
17:48:47.082 [Vmware连接检测线程] INFO  c.u.sdn.vmware.Service.ClientSesion - 检查 信息java.util.GregorianCalendar[time=?,areFieldsSet=false,areAllFieldsSet=true,lenient=true,zone=sun.util.calendar.ZoneInfo[id="GMT+00:00",offset=0,dstSavings=0,useDaylight=false,transitions=0,lastRule=null],firstDayOfWeek=1,minimalDaysInFirstWeek=1,ERA=1,YEAR=2017,MONTH=10,WEEK_OF_YEAR=1,WEEK_OF_MONTH=1,DAY_OF_MONTH=2,DAY_OF_YEAR=1,DAY_OF_WEEK=5,DAY_OF_WEEK_IN_MONTH=1,AM_PM=0,HOUR=0,HOUR_OF_DAY=9,MINUTE=48,SECOND=47,MILLISECOND=784,ZONE_OFFSET=0,DST_OFFSET=0] 
17:48:47.082 [Vmware连接检测线程] INFO  c.u.sdn.vmware.Service.ClientSesion - 检查 连接状态成功，休眠300000毫秒 
17:53:00.992 [Thread-6] INFO  o.s.b.c.e.AnnotationConfigEmbeddedWebApplicationContext - Closing org.springframework.boot.context.embedded.AnnotationConfigEmbeddedWebApplicationContext@380bb853: startup date [Thu Nov 02 17:18:18 CST 2017]; root of context hierarchy 
17:53:00.997 [Thread-6] INFO  o.s.j.e.a.AnnotationMBeanExporter - Unregistering JMX-exposed beans on shutdown 
17:53:02.251 [restartedMain] INFO  com.ustcinfo.sdn.SdnApplication - Starting SdnApplication on yu with PID 3488 (started by dong in F:\Program Files (x86)\workspaceSMS\sdn-vmware-vijava) 
17:53:02.251 [restartedMain] INFO  com.ustcinfo.sdn.SdnApplication - No active profile set, falling back to default profiles: default 
17:53:02.298 [restartedMain] INFO  o.s.b.c.e.AnnotationConfigEmbeddedWebApplicationContext - Refreshing org.springframework.boot.context.embedded.AnnotationConfigEmbeddedWebApplicationContext@332baffc: startup date [Thu Nov 02 17:53:02 CST 2017]; root of context hierarchy 
17:53:05.163 [restartedMain] INFO  o.s.b.c.e.t.TomcatEmbeddedServletContainer - Tomcat initialized with port(s): 8080 (http) 
17:53:05.163 [restartedMain] INFO  o.a.catalina.core.StandardService - Starting service Tomcat 
17:53:05.163 [restartedMain] INFO  o.a.catalina.core.StandardEngine - Starting Servlet Engine: Apache Tomcat/8.5.14 
17:53:05.386 [localhost-startStop-1] INFO  o.a.c.c.C.[Tomcat].[localhost].[/] - Initializing Spring embedded WebApplicationContext 
17:53:05.386 [localhost-startStop-1] INFO  o.s.web.context.ContextLoader - Root WebApplicationContext: initialization completed in 3088 ms 
17:53:05.495 [localhost-startStop-1] INFO  o.s.b.w.s.ServletRegistrationBean - Mapping servlet: 'dispatcherServlet' to [/] 
17:53:05.495 [localhost-startStop-1] INFO  o.s.b.w.s.FilterRegistrationBean - Mapping filter: 'characterEncodingFilter' to: [/*] 
17:53:05.495 [localhost-startStop-1] INFO  o.s.b.w.s.FilterRegistrationBean - Mapping filter: 'hiddenHttpMethodFilter' to: [/*] 
17:53:05.511 [localhost-startStop-1] INFO  o.s.b.w.s.FilterRegistrationBean - Mapping filter: 'httpPutFormContentFilter' to: [/*] 
17:53:05.511 [localhost-startStop-1] INFO  o.s.b.w.s.FilterRegistrationBean - Mapping filter: 'requestContextFilter' to: [/*] 
17:53:06.011 [restartedMain] INFO  o.s.w.s.m.m.a.RequestMappingHandlerAdapter - Looking for @ControllerAdvice: org.springframework.boot.context.embedded.AnnotationConfigEmbeddedWebApplicationContext@332baffc: startup date [Thu Nov 02 17:53:02 CST 2017]; root of context hierarchy 
17:53:06.027 [restartedMain] INFO  o.s.w.s.m.m.a.RequestMappingHandlerMapping - Mapped "{[/getHostDetial],produces=[application/json;charset=UTF-8]}" onto public java.lang.String com.ustcinfo.sdn.vmware.controller.HostController.getHostDetial(java.lang.String) 
17:53:06.027 [restartedMain] INFO  o.s.w.s.m.m.a.RequestMappingHandlerMapping - Mapped "{[/connect]}" onto public java.lang.String com.ustcinfo.sdn.vmware.controller.TestController.connect() 
17:53:06.027 [restartedMain] INFO  o.s.w.s.m.m.a.RequestMappingHandlerMapping - Mapped "{[/disconnect]}" onto public java.lang.String com.ustcinfo.sdn.vmware.controller.TestController.disconnect() 
17:53:06.042 [restartedMain] INFO  o.s.w.s.m.m.a.RequestMappingHandlerMapping - Mapped "{[/getVMByName],produces=[application/json;charset=UTF-8]}" onto public java.lang.String com.ustcinfo.sdn.vmware.controller.VmController.getVMByName(java.lang.String) 
17:53:06.042 [restartedMain] INFO  o.s.w.s.m.m.a.RequestMappingHandlerMapping - Mapped "{[/getVmDetial],produces=[application/json;charset=UTF-8]}" onto public java.lang.String com.ustcinfo.sdn.vmware.controller.VmController.getVmDetial() 
17:53:06.042 [restartedMain] INFO  o.s.w.s.m.m.a.RequestMappingHandlerMapping - Mapped "{[/vmOperate],produces=[application/json;charset=UTF-8]}" onto public java.lang.String com.ustcinfo.sdn.vmware.controller.VmController.vmOperate(java.lang.String,java.lang.String,java.lang.String) 
17:53:06.042 [restartedMain] INFO  o.s.w.s.m.m.a.RequestMappingHandlerMapping - Mapped "{[/createVmByTemp],produces=[application/json;charset=UTF-8]}" onto public java.lang.String com.ustcinfo.sdn.vmware.controller.VmController.createVmByTemp(java.lang.String,java.lang.String,java.lang.String,java.lang.String) 
17:53:06.042 [restartedMain] INFO  o.s.w.s.m.m.a.RequestMappingHandlerMapping - Mapped "{[/getVMCPUPerByTimeRange],produces=[application/json;charset=UTF-8]}" onto public java.lang.String com.ustcinfo.sdn.vmware.controller.VmController.getVMCPUPerByTimeRange(java.lang.String) 
17:53:06.042 [restartedMain] INFO  o.s.w.s.m.m.a.RequestMappingHandlerMapping - Mapped "{[/index]}" onto public java.lang.String com.ustcinfo.sdn.vmware.controller.WebController.index() 
17:53:06.042 [restartedMain] INFO  o.s.w.s.m.m.a.RequestMappingHandlerMapping - Mapped "{[/whitelist]}" onto public java.lang.String com.ustcinfo.sdn.vmware.controller.WebController.whiteList() 
17:53:06.058 [restartedMain] INFO  o.s.w.s.m.m.a.RequestMappingHandlerMapping - Mapped "{[/error]}" onto public org.springframework.http.ResponseEntity<java.util.Map<java.lang.String, java.lang.Object>> org.springframework.boot.autoconfigure.web.BasicErrorController.error(javax.servlet.http.HttpServletRequest) 
17:53:06.058 [restartedMain] INFO  o.s.w.s.m.m.a.RequestMappingHandlerMapping - Mapped "{[/error],produces=[text/html]}" onto public org.springframework.web.servlet.ModelAndView org.springframework.boot.autoconfigure.web.BasicErrorController.errorHtml(javax.servlet.http.HttpServletRequest,javax.servlet.http.HttpServletResponse) 
17:53:06.074 [restartedMain] INFO  o.s.w.s.h.SimpleUrlHandlerMapping - Mapped URL path [/webjars/**] onto handler of type [class org.springframework.web.servlet.resource.ResourceHttpRequestHandler] 
17:53:06.074 [restartedMain] INFO  o.s.w.s.h.SimpleUrlHandlerMapping - Mapped URL path [/**] onto handler of type [class org.springframework.web.servlet.resource.ResourceHttpRequestHandler] 
17:53:06.120 [restartedMain] INFO  o.s.w.s.h.SimpleUrlHandlerMapping - Mapped URL path [/**/favicon.ico] onto handler of type [class org.springframework.web.servlet.resource.ResourceHttpRequestHandler] 
17:53:07.348 [restartedMain] INFO  o.s.b.d.a.OptionalLiveReloadServer - LiveReload server is running on port 35729 
17:53:07.475 [restartedMain] INFO  o.s.j.e.a.AnnotationMBeanExporter - Registering beans for JMX exposure on startup 
17:53:07.507 [restartedMain] INFO  o.s.b.c.e.t.TomcatEmbeddedServletContainer - Tomcat started on port(s): 8080 (http) 
17:53:07.507 [restartedMain] INFO  c.u.s.v.controller.StartupRunner - >>>>>>>>>>>>>>>服务启动执行，执行  <<<<<<<<<<<<< 
17:53:07.507 [restartedMain] INFO  com.ustcinfo.sdn.SdnApplication - Started SdnApplication in 5.479 seconds (JVM running for 2098.005) 
17:53:07.507 [Vmware连接检测线程] INFO  c.u.sdn.vmware.Service.ClientSesion - 检查 连接状态 
17:53:07.507 [Vmware连接检测线程] ERROR c.u.sdn.vmware.Service.ClientSesion - 检查 异常 
java.lang.NullPointerException: null
	at com.ustcinfo.sdn.vmware.Service.ClientSesion.check(ClientSesion.java:72)
	at com.ustcinfo.sdn.vmware.Service.ClientSesion$KeepAlive.run(ClientSesion.java:86)
	at java.lang.Thread.run(Thread.java:745)
17:53:07.522 [Vmware连接检测线程] INFO  c.u.sdn.vmware.Service.ClientSesion - 检查 连接状态:断开连接，重新连接。 
17:53:08.038 [Vmware连接检测线程] INFO  c.u.sdn.vmware.Service.ClientSesion - 名称:VMware vCenter Server 5.5.0 build-3142196;版本:5.5.0;apiTypeVirtualCenter 
17:53:08.038 [Vmware连接检测线程] INFO  c.u.sdn.vmware.Service.ClientSesion - 检查 连接状态 
17:53:08.038 [Vmware连接检测线程] INFO  c.u.sdn.vmware.Service.ClientSesion - 检查 信息java.util.GregorianCalendar[time=?,areFieldsSet=false,areAllFieldsSet=true,lenient=true,zone=sun.util.calendar.ZoneInfo[id="GMT+00:00",offset=0,dstSavings=0,useDaylight=false,transitions=0,lastRule=null],firstDayOfWeek=1,minimalDaysInFirstWeek=1,ERA=1,YEAR=2017,MONTH=10,WEEK_OF_YEAR=1,WEEK_OF_MONTH=1,DAY_OF_MONTH=2,DAY_OF_YEAR=1,DAY_OF_WEEK=5,DAY_OF_WEEK_IN_MONTH=1,AM_PM=0,HOUR=0,HOUR_OF_DAY=9,MINUTE=53,SECOND=8,MILLISECOND=750,ZONE_OFFSET=0,DST_OFFSET=0] 
17:53:08.038 [Vmware连接检测线程] INFO  c.u.sdn.vmware.Service.ClientSesion - 检查 连接状态成功，休眠300000毫秒 
17:53:47.087 [Vmware连接检测线程] INFO  c.u.sdn.vmware.Service.ClientSesion - 检查 连接状态 
17:53:47.122 [Vmware连接检测线程] INFO  c.u.sdn.vmware.Service.ClientSesion - 检查 信息java.util.GregorianCalendar[time=?,areFieldsSet=false,areAllFieldsSet=true,lenient=true,zone=sun.util.calendar.ZoneInfo[id="GMT+00:00",offset=0,dstSavings=0,useDaylight=false,transitions=0,lastRule=null],firstDayOfWeek=1,minimalDaysInFirstWeek=1,ERA=1,YEAR=2017,MONTH=10,WEEK_OF_YEAR=1,WEEK_OF_MONTH=1,DAY_OF_MONTH=2,DAY_OF_YEAR=1,DAY_OF_WEEK=5,DAY_OF_WEEK_IN_MONTH=1,AM_PM=0,HOUR=0,HOUR_OF_DAY=9,MINUTE=53,SECOND=47,MILLISECOND=834,ZONE_OFFSET=0,DST_OFFSET=0] 
17:53:47.122 [Vmware连接检测线程] INFO  c.u.sdn.vmware.Service.ClientSesion - 检查 连接状态成功，休眠300000毫秒 
17:55:53.828 [http-nio-8080-exec-3] INFO  o.a.c.c.C.[Tomcat].[localhost].[/] - Initializing Spring FrameworkServlet 'dispatcherServlet' 
17:55:53.828 [http-nio-8080-exec-3] INFO  o.s.web.servlet.DispatcherServlet - FrameworkServlet 'dispatcherServlet': initialization started 
17:55:53.839 [http-nio-8080-exec-3] INFO  o.s.web.servlet.DispatcherServlet - FrameworkServlet 'dispatcherServlet': initialization completed in 2 ms 
17:55:54.292 [http-nio-8080-exec-3] INFO  c.u.s.vmware.Service.VmOperaService - VirtualMachine name:TEST20171102(1) 
17:55:54.699 [http-nio-8080-exec-3] INFO  c.u.s.vmware.Service.VmOperaService - TEST20171102(1) poweredOff 
17:55:54.902 [http-nio-8080-exec-3] ERROR c.u.s.vmware.Service.VmOperaService - TEST20171102(1) delete  error : 
com.vmware.vim25.InvalidPowerState: null
	at sun.reflect.NativeConstructorAccessorImpl.newInstance0(Native Method)
	at sun.reflect.NativeConstructorAccessorImpl.newInstance(NativeConstructorAccessorImpl.java:62)
	at sun.reflect.DelegatingConstructorAccessorImpl.newInstance(DelegatingConstructorAccessorImpl.java:45)
	at java.lang.reflect.Constructor.newInstance(Constructor.java:408)
	at java.lang.Class.newInstance(Class.java:438)
	at com.vmware.vim25.ws.XmlGenDom.fromXml(XmlGenDom.java:205)
	at com.vmware.vim25.ws.XmlGenDom.fromXml(XmlGenDom.java:341)
	at com.vmware.vim25.ws.XmlGenDom.fromXml(XmlGenDom.java:341)
	at com.vmware.vim25.ws.XmlGenDom.fromXml(XmlGenDom.java:341)
	at com.vmware.vim25.ws.XmlGenDom.fromXml(XmlGenDom.java:333)
	at com.vmware.vim25.ws.XmlGenDom.fromXML(XmlGenDom.java:190)
	at com.vmware.vim25.ws.XmlGenDom.fromXML(XmlGenDom.java:104)
	at com.vmware.vim25.ws.WSClient.invoke(WSClient.java:119)
	at com.vmware.vim25.ws.VimStub.retrieveProperties(VimStub.java:72)
	at com.vmware.vim25.mo.PropertyCollector.retrieveProperties(PropertyCollector.java:107)
	at com.vmware.vim25.mo.ManagedObject.retrieveObjectProperties(ManagedObject.java:155)
	at com.vmware.vim25.mo.ManagedObject.getCurrentProperty(ManagedObject.java:179)
	at com.vmware.vim25.mo.Task.waitForMe(Task.java:121)
	at com.ustcinfo.sdn.vmware.Service.VmOperaService.vmOperate(VmOperaService.java:85)
	at com.ustcinfo.sdn.vmware.controller.VmController.vmOperate(VmController.java:59)
	at sun.reflect.NativeMethodAccessorImpl.invoke0(Native Method)
	at sun.reflect.NativeMethodAccessorImpl.invoke(NativeMethodAccessorImpl.java:62)
	at sun.reflect.DelegatingMethodAccessorImpl.invoke(DelegatingMethodAccessorImpl.java:43)
	at java.lang.reflect.Method.invoke(Method.java:483)
	at org.springframework.web.method.support.InvocableHandlerMethod.doInvoke(InvocableHandlerMethod.java:205)
	at org.springframework.web.method.support.InvocableHandlerMethod.invokeForRequest(InvocableHandlerMethod.java:133)
	at org.springframework.web.servlet.mvc.method.annotation.ServletInvocableHandlerMethod.invokeAndHandle(ServletInvocableHandlerMethod.java:97)
	at org.springframework.web.servlet.mvc.method.annotation.RequestMappingHandlerAdapter.invokeHandlerMethod(RequestMappingHandlerAdapter.java:827)
	at org.springframework.web.servlet.mvc.method.annotation.RequestMappingHandlerAdapter.handleInternal(RequestMappingHandlerAdapter.java:738)
	at org.springframework.web.servlet.mvc.method.AbstractHandlerMethodAdapter.handle(AbstractHandlerMethodAdapter.java:85)
	at org.springframework.web.servlet.DispatcherServlet.doDispatch(DispatcherServlet.java:963)
	at org.springframework.web.servlet.DispatcherServlet.doService(DispatcherServlet.java:897)
	at org.springframework.web.servlet.FrameworkServlet.processRequest(FrameworkServlet.java:970)
	at org.springframework.web.servlet.FrameworkServlet.doGet(FrameworkServlet.java:861)
	at javax.servlet.http.HttpServlet.service(HttpServlet.java:635)
	at org.springframework.web.servlet.FrameworkServlet.service(FrameworkServlet.java:846)
	at javax.servlet.http.HttpServlet.service(HttpServlet.java:742)
	at org.apache.catalina.core.ApplicationFilterChain.internalDoFilter(ApplicationFilterChain.java:231)
	at org.apache.catalina.core.ApplicationFilterChain.doFilter(ApplicationFilterChain.java:166)
	at org.apache.tomcat.websocket.server.WsFilter.doFilter(WsFilter.java:52)
	at org.apache.catalina.core.ApplicationFilterChain.internalDoFilter(ApplicationFilterChain.java:193)
	at org.apache.catalina.core.ApplicationFilterChain.doFilter(ApplicationFilterChain.java:166)
	at org.springframework.web.filter.RequestContextFilter.doFilterInternal(RequestContextFilter.java:99)
	at org.springframework.web.filter.OncePerRequestFilter.doFilter(OncePerRequestFilter.java:107)
	at org.apache.catalina.core.ApplicationFilterChain.internalDoFilter(ApplicationFilterChain.java:193)
	at org.apache.catalina.core.ApplicationFilterChain.doFilter(ApplicationFilterChain.java:166)
	at org.springframework.web.filter.HttpPutFormContentFilter.doFilterInternal(HttpPutFormContentFilter.java:105)
	at org.springframework.web.filter.OncePerRequestFilter.doFilter(OncePerRequestFilter.java:107)
	at org.apache.catalina.core.ApplicationFilterChain.internalDoFilter(ApplicationFilterChain.java:193)
	at org.apache.catalina.core.ApplicationFilterChain.doFilter(ApplicationFilterChain.java:166)
	at org.springframework.web.filter.HiddenHttpMethodFilter.doFilterInternal(HiddenHttpMethodFilter.java:81)
	at org.springframework.web.filter.OncePerRequestFilter.doFilter(OncePerRequestFilter.java:107)
	at org.apache.catalina.core.ApplicationFilterChain.internalDoFilter(ApplicationFilterChain.java:193)
	at org.apache.catalina.core.ApplicationFilterChain.doFilter(ApplicationFilterChain.java:166)
	at org.springframework.web.filter.CharacterEncodingFilter.doFilterInternal(CharacterEncodingFilter.java:197)
	at org.springframework.web.filter.OncePerRequestFilter.doFilter(OncePerRequestFilter.java:107)
	at org.apache.catalina.core.ApplicationFilterChain.internalDoFilter(ApplicationFilterChain.java:193)
	at org.apache.catalina.core.ApplicationFilterChain.doFilter(ApplicationFilterChain.java:166)
	at org.apache.catalina.core.StandardWrapperValve.invoke(StandardWrapperValve.java:198)
	at org.apache.catalina.core.StandardContextValve.invoke(StandardContextValve.java:96)
	at org.apache.catalina.authenticator.AuthenticatorBase.invoke(AuthenticatorBase.java:478)
	at org.apache.catalina.core.StandardHostValve.invoke(StandardHostValve.java:140)
	at org.apache.catalina.valves.ErrorReportValve.invoke(ErrorReportValve.java:80)
	at org.apache.catalina.core.StandardEngineValve.invoke(StandardEngineValve.java:87)
	at org.apache.catalina.connector.CoyoteAdapter.service(CoyoteAdapter.java:342)
	at org.apache.coyote.http11.Http11Processor.service(Http11Processor.java:799)
	at org.apache.coyote.AbstractProcessorLight.process(AbstractProcessorLight.java:66)
	at org.apache.coyote.AbstractProtocol$ConnectionHandler.process(AbstractProtocol.java:861)
	at org.apache.tomcat.util.net.NioEndpoint$SocketProcessor.doRun(NioEndpoint.java:1455)
	at org.apache.tomcat.util.net.SocketProcessorBase.run(SocketProcessorBase.java:49)
	at java.util.concurrent.ThreadPoolExecutor.runWorker(ThreadPoolExecutor.java:1142)
	at java.util.concurrent.ThreadPoolExecutor$Worker.run(ThreadPoolExecutor.java:617)
	at org.apache.tomcat.util.threads.TaskThread$WrappingRunnable.run(TaskThread.java:61)
	at java.lang.Thread.run(Thread.java:745)
17:58:08.049 [Vmware连接检测线程] INFO  c.u.sdn.vmware.Service.ClientSesion - 检查 连接状态 
17:58:08.067 [Vmware连接检测线程] INFO  c.u.sdn.vmware.Service.ClientSesion - 检查 信息java.util.GregorianCalendar[time=?,areFieldsSet=false,areAllFieldsSet=true,lenient=true,zone=sun.util.calendar.ZoneInfo[id="GMT+00:00",offset=0,dstSavings=0,useDaylight=false,transitions=0,lastRule=null],firstDayOfWeek=1,minimalDaysInFirstWeek=1,ERA=1,YEAR=2017,MONTH=10,WEEK_OF_YEAR=1,WEEK_OF_MONTH=1,DAY_OF_MONTH=2,DAY_OF_YEAR=1,DAY_OF_WEEK=5,DAY_OF_WEEK_IN_MONTH=1,AM_PM=0,HOUR=0,HOUR_OF_DAY=9,MINUTE=58,SECOND=8,MILLISECOND=781,ZONE_OFFSET=0,DST_OFFSET=0] 
17:58:08.067 [Vmware连接检测线程] INFO  c.u.sdn.vmware.Service.ClientSesion - 检查 连接状态成功，休眠300000毫秒 
17:58:23.841 [http-nio-8080-exec-8] INFO  c.u.s.vmware.Service.VmOperaService - VirtualMachine name:TEST20171102(1) 
17:58:25.349 [http-nio-8080-exec-8] INFO  c.u.s.vmware.Service.VmOperaService - TEST20171102(1) powered off 
17:58:25.349 [http-nio-8080-exec-8] INFO  c.u.s.vmware.Service.VmOperaService - TEST20171102(1) poweroff  sucess 
17:58:46.031 [http-nio-8080-exec-7] INFO  c.u.s.vmware.Service.VmOperaService - VirtualMachine name:TEST20171102(1) 
17:58:47.131 [Vmware连接检测线程] INFO  c.u.sdn.vmware.Service.ClientSesion - 检查 连接状态 
17:58:47.151 [Vmware连接检测线程] INFO  c.u.sdn.vmware.Service.ClientSesion - 检查 信息java.util.GregorianCalendar[time=?,areFieldsSet=false,areAllFieldsSet=true,lenient=true,zone=sun.util.calendar.ZoneInfo[id="GMT+00:00",offset=0,dstSavings=0,useDaylight=false,transitions=0,lastRule=null],firstDayOfWeek=1,minimalDaysInFirstWeek=1,ERA=1,YEAR=2017,MONTH=10,WEEK_OF_YEAR=1,WEEK_OF_MONTH=1,DAY_OF_MONTH=2,DAY_OF_YEAR=1,DAY_OF_WEEK=5,DAY_OF_WEEK_IN_MONTH=1,AM_PM=0,HOUR=0,HOUR_OF_DAY=9,MINUTE=58,SECOND=47,MILLISECOND=867,ZONE_OFFSET=0,DST_OFFSET=0] 
17:58:47.151 [Vmware连接检测线程] INFO  c.u.sdn.vmware.Service.ClientSesion - 检查 连接状态成功，休眠300000毫秒 
17:58:49.469 [http-nio-8080-exec-7] INFO  c.u.s.vmware.Service.VmOperaService - TEST20171102(1) delete 
17:58:49.469 [http-nio-8080-exec-7] INFO  c.u.s.vmware.Service.VmOperaService - TEST20171102(1) delete  sucess 
18:03:08.111 [Vmware连接检测线程] INFO  c.u.sdn.vmware.Service.ClientSesion - 检查 连接状态 
18:03:08.139 [Vmware连接检测线程] INFO  c.u.sdn.vmware.Service.ClientSesion - 检查 信息java.util.GregorianCalendar[time=?,areFieldsSet=false,areAllFieldsSet=true,lenient=true,zone=sun.util.calendar.ZoneInfo[id="GMT+00:00",offset=0,dstSavings=0,useDaylight=false,transitions=0,lastRule=null],firstDayOfWeek=1,minimalDaysInFirstWeek=1,ERA=1,YEAR=2017,MONTH=10,WEEK_OF_YEAR=1,WEEK_OF_MONTH=1,DAY_OF_MONTH=2,DAY_OF_YEAR=1,DAY_OF_WEEK=5,DAY_OF_WEEK_IN_MONTH=1,AM_PM=0,HOUR=0,HOUR_OF_DAY=10,MINUTE=3,SECOND=8,MILLISECOND=859,ZONE_OFFSET=0,DST_OFFSET=0] 
18:03:08.139 [Vmware连接检测线程] INFO  c.u.sdn.vmware.Service.ClientSesion - 检查 连接状态成功，休眠300000毫秒 
