10:17:45.891 [restartedMain] INFO  com.ustcinfo.sdn.SdnApplication - Starting SdnApplication on yu with PID 6828 (started by dong in F:\Program Files (x86)\workspaceSMS\sdn-vmware-vijava) 
10:17:45.975 [restartedMain] INFO  com.ustcinfo.sdn.SdnApplication - No active profile set, falling back to default profiles: default 
10:17:47.361 [restartedMain] INFO  o.s.b.c.e.AnnotationConfigEmbeddedWebApplicationContext - Refreshing org.springframework.boot.context.embedded.AnnotationConfigEmbeddedWebApplicationContext@1f54fc18: startup date [Tue Nov 07 10:17:47 CST 2017]; root of context hierarchy 
10:17:54.579 [restartedMain] INFO  o.s.b.c.e.t.TomcatEmbeddedServletContainer - Tomcat initialized with port(s): 8080 (http) 
10:17:54.868 [restartedMain] INFO  o.a.catalina.core.StandardService - Starting service Tomcat 
10:17:54.868 [restartedMain] INFO  o.a.catalina.core.StandardEngine - Starting Servlet Engine: Apache Tomcat/8.5.14 
10:17:55.615 [localhost-startStop-1] INFO  o.a.c.c.C.[Tomcat].[localhost].[/] - Initializing Spring embedded WebApplicationContext 
10:17:55.618 [localhost-startStop-1] INFO  o.s.web.context.ContextLoader - Root WebApplicationContext: initialization completed in 8257 ms 
10:17:56.559 [localhost-startStop-1] INFO  o.s.b.w.s.ServletRegistrationBean - Mapping servlet: 'dispatcherServlet' to [/] 
10:17:56.593 [localhost-startStop-1] INFO  o.s.b.w.s.FilterRegistrationBean - Mapping filter: 'characterEncodingFilter' to: [/*] 
10:17:56.595 [localhost-startStop-1] INFO  o.s.b.w.s.FilterRegistrationBean - Mapping filter: 'hiddenHttpMethodFilter' to: [/*] 
10:17:56.596 [localhost-startStop-1] INFO  o.s.b.w.s.FilterRegistrationBean - Mapping filter: 'httpPutFormContentFilter' to: [/*] 
10:17:56.597 [localhost-startStop-1] INFO  o.s.b.w.s.FilterRegistrationBean - Mapping filter: 'requestContextFilter' to: [/*] 
10:17:58.110 [restartedMain] INFO  o.s.w.s.m.m.a.RequestMappingHandlerAdapter - Looking for @ControllerAdvice: org.springframework.boot.context.embedded.AnnotationConfigEmbeddedWebApplicationContext@1f54fc18: startup date [Tue Nov 07 10:17:47 CST 2017]; root of context hierarchy 
10:17:58.469 [restartedMain] INFO  o.s.w.s.m.m.a.RequestMappingHandlerMapping - Mapped "{[/getClusterDetailByDcName],produces=[application/json;charset=UTF-8]}" onto public java.lang.String com.ustcinfo.sdn.vmware.controller.ClusterController.getClusterDetailByDcName(java.lang.String) 
10:17:58.473 [restartedMain] INFO  o.s.w.s.m.m.a.RequestMappingHandlerMapping - Mapped "{[/getClusterDetail],produces=[application/json;charset=UTF-8]}" onto public java.lang.String com.ustcinfo.sdn.vmware.controller.ClusterController.getClusterDetail() 
10:17:58.479 [restartedMain] INFO  o.s.w.s.m.m.a.RequestMappingHandlerMapping - Mapped "{[/getDataCenterDetail],produces=[application/json;charset=UTF-8]}" onto public java.lang.String com.ustcinfo.sdn.vmware.controller.DataCenterController.getDataCenterDetail() 
10:17:58.481 [restartedMain] INFO  o.s.w.s.m.m.a.RequestMappingHandlerMapping - Mapped "{[/getDataStoreDetail],produces=[application/json;charset=UTF-8]}" onto public java.lang.String com.ustcinfo.sdn.vmware.controller.DataStoreController.getDataStoreDetail(java.lang.String,java.lang.String) 
10:17:58.484 [restartedMain] INFO  o.s.w.s.m.m.a.RequestMappingHandlerMapping - Mapped "{[/getHostDetial],produces=[application/json;charset=UTF-8]}" onto public java.lang.String com.ustcinfo.sdn.vmware.controller.HostController.getHostDetial(java.lang.String) 
10:17:58.487 [restartedMain] INFO  o.s.w.s.m.m.a.RequestMappingHandlerMapping - Mapped "{[/connect]}" onto public java.lang.String com.ustcinfo.sdn.vmware.controller.TestController.connect() 
10:17:58.488 [restartedMain] INFO  o.s.w.s.m.m.a.RequestMappingHandlerMapping - Mapped "{[/disconnect]}" onto public java.lang.String com.ustcinfo.sdn.vmware.controller.TestController.disconnect() 
10:17:58.498 [restartedMain] INFO  o.s.w.s.m.m.a.RequestMappingHandlerMapping - Mapped "{[/getVMCPUPerByTimeRange],produces=[application/json;charset=UTF-8]}" onto public java.lang.String com.ustcinfo.sdn.vmware.controller.VmController.getVMCPUPerByTimeRange(java.lang.String) 
10:17:58.499 [restartedMain] INFO  o.s.w.s.m.m.a.RequestMappingHandlerMapping - Mapped "{[/getVMByName],produces=[application/json;charset=UTF-8]}" onto public java.lang.String com.ustcinfo.sdn.vmware.controller.VmController.getVMByName(java.lang.String) 
10:17:58.502 [restartedMain] INFO  o.s.w.s.m.m.a.RequestMappingHandlerMapping - Mapped "{[/getVmDetial],produces=[application/json;charset=UTF-8]}" onto public java.lang.String com.ustcinfo.sdn.vmware.controller.VmController.getVmDetial() 
10:17:58.503 [restartedMain] INFO  o.s.w.s.m.m.a.RequestMappingHandlerMapping - Mapped "{[/vmCDOper],produces=[application/json;charset=UTF-8]}" onto public java.lang.String com.ustcinfo.sdn.vmware.controller.VmController.vmCDOper(java.lang.String,java.lang.String) 
10:17:58.505 [restartedMain] INFO  o.s.w.s.m.m.a.RequestMappingHandlerMapping - Mapped "{[/createVmByTemp],produces=[application/json;charset=UTF-8]}" onto public java.lang.String com.ustcinfo.sdn.vmware.controller.VmController.createVmByTemp(java.lang.String,java.lang.String,java.lang.String,java.lang.String,java.lang.String) 
10:17:58.515 [restartedMain] INFO  o.s.w.s.m.m.a.RequestMappingHandlerMapping - Mapped "{[/vmOperate],produces=[application/json;charset=UTF-8]}" onto public java.lang.String com.ustcinfo.sdn.vmware.controller.VmController.vmOperate(java.lang.String,java.lang.String,java.lang.String) 
10:17:58.517 [restartedMain] INFO  o.s.w.s.m.m.a.RequestMappingHandlerMapping - Mapped "{[/createVm],produces=[application/json;charset=UTF-8]}" onto public java.lang.String com.ustcinfo.sdn.vmware.controller.VmController.createVm(java.lang.String,java.lang.String,java.lang.String,java.lang.String,java.lang.String) 
10:17:58.523 [restartedMain] INFO  o.s.w.s.m.m.a.RequestMappingHandlerMapping - Mapped "{[/index]}" onto public java.lang.String com.ustcinfo.sdn.vmware.controller.WebController.index() 
10:17:58.525 [restartedMain] INFO  o.s.w.s.m.m.a.RequestMappingHandlerMapping - Mapped "{[/whitelist]}" onto public java.lang.String com.ustcinfo.sdn.vmware.controller.WebController.whiteList() 
10:17:58.546 [restartedMain] INFO  o.s.w.s.m.m.a.RequestMappingHandlerMapping - Mapped "{[/error]}" onto public org.springframework.http.ResponseEntity<java.util.Map<java.lang.String, java.lang.Object>> org.springframework.boot.autoconfigure.web.BasicErrorController.error(javax.servlet.http.HttpServletRequest) 
10:17:58.548 [restartedMain] INFO  o.s.w.s.m.m.a.RequestMappingHandlerMapping - Mapped "{[/error],produces=[text/html]}" onto public org.springframework.web.servlet.ModelAndView org.springframework.boot.autoconfigure.web.BasicErrorController.errorHtml(javax.servlet.http.HttpServletRequest,javax.servlet.http.HttpServletResponse) 
10:17:58.676 [restartedMain] INFO  o.s.w.s.h.SimpleUrlHandlerMapping - Mapped URL path [/webjars/**] onto handler of type [class org.springframework.web.servlet.resource.ResourceHttpRequestHandler] 
10:17:58.740 [restartedMain] INFO  o.s.w.s.h.SimpleUrlHandlerMapping - Mapped URL path [/**] onto handler of type [class org.springframework.web.servlet.resource.ResourceHttpRequestHandler] 
10:17:58.901 [restartedMain] INFO  o.s.w.s.h.SimpleUrlHandlerMapping - Mapped URL path [/**/favicon.ico] onto handler of type [class org.springframework.web.servlet.resource.ResourceHttpRequestHandler] 
10:18:00.778 [restartedMain] INFO  o.s.b.d.a.OptionalLiveReloadServer - LiveReload server is running on port 35729 
10:18:01.068 [restartedMain] INFO  o.s.j.e.a.AnnotationMBeanExporter - Registering beans for JMX exposure on startup 
10:18:01.751 [restartedMain] INFO  o.s.b.c.e.t.TomcatEmbeddedServletContainer - Tomcat started on port(s): 8080 (http) 
10:18:01.775 [restartedMain] INFO  c.u.s.v.controller.StartupRunner - >>>>>>>>>>>>>>>服务启动执行，执行  <<<<<<<<<<<<< 
10:18:01.783 [restartedMain] INFO  com.ustcinfo.sdn.SdnApplication - Started SdnApplication in 17.831 seconds (JVM running for 21.452) 
10:18:01.810 [Vmware连接检测线程] INFO  c.u.sdn.vmware.Service.ClientSesion - 检查 连接状态 
10:18:01.854 [Vmware连接检测线程] ERROR c.u.sdn.vmware.Service.ClientSesion - 检查 异常 
java.lang.NullPointerException: null
	at com.ustcinfo.sdn.vmware.Service.ClientSesion.check(ClientSesion.java:72)
	at com.ustcinfo.sdn.vmware.Service.ClientSesion$KeepAlive.run(ClientSesion.java:86)
	at java.lang.Thread.run(Thread.java:745)
10:18:01.857 [Vmware连接检测线程] INFO  c.u.sdn.vmware.Service.ClientSesion - 检查 连接状态:断开连接，重新连接。 
10:18:05.503 [Vmware连接检测线程] INFO  c.u.sdn.vmware.Service.ClientSesion - 名称:VMware vCenter Server 5.5.0 build-3142196;版本:5.5.0;apiTypeVirtualCenter 
10:18:05.515 [Vmware连接检测线程] INFO  c.u.sdn.vmware.Service.ClientSesion - 检查 连接状态 
10:18:05.521 [Vmware连接检测线程] INFO  c.u.sdn.vmware.Service.ClientSesion - 检查 信息java.util.GregorianCalendar[time=?,areFieldsSet=false,areAllFieldsSet=true,lenient=true,zone=sun.util.calendar.ZoneInfo[id="GMT+00:00",offset=0,dstSavings=0,useDaylight=false,transitions=0,lastRule=null],firstDayOfWeek=1,minimalDaysInFirstWeek=1,ERA=1,YEAR=2017,MONTH=10,WEEK_OF_YEAR=1,WEEK_OF_MONTH=1,DAY_OF_MONTH=7,DAY_OF_YEAR=1,DAY_OF_WEEK=5,DAY_OF_WEEK_IN_MONTH=1,AM_PM=0,HOUR=0,HOUR_OF_DAY=2,MINUTE=18,SECOND=6,MILLISECOND=668,ZONE_OFFSET=0,DST_OFFSET=0] 
10:18:05.522 [Vmware连接检测线程] INFO  c.u.sdn.vmware.Service.ClientSesion - 检查 连接状态成功，休眠300000毫秒 
10:21:30.672 [http-nio-8080-exec-1] INFO  o.a.c.c.C.[Tomcat].[localhost].[/] - Initializing Spring FrameworkServlet 'dispatcherServlet' 
10:21:30.687 [http-nio-8080-exec-1] INFO  o.s.web.servlet.DispatcherServlet - FrameworkServlet 'dispatcherServlet': initialization started 
10:21:30.794 [http-nio-8080-exec-1] INFO  o.s.web.servlet.DispatcherServlet - FrameworkServlet 'dispatcherServlet': initialization completed in 107 ms 
10:21:31.694 [http-nio-8080-exec-1] INFO  c.u.sdn.vmware.Service.VmService - VirtualMachine numbers:188 
10:23:05.523 [Vmware连接检测线程] INFO  c.u.sdn.vmware.Service.ClientSesion - 检查 连接状态 
10:23:05.556 [Vmware连接检测线程] INFO  c.u.sdn.vmware.Service.ClientSesion - 检查 信息java.util.GregorianCalendar[time=?,areFieldsSet=false,areAllFieldsSet=true,lenient=true,zone=sun.util.calendar.ZoneInfo[id="GMT+00:00",offset=0,dstSavings=0,useDaylight=false,transitions=0,lastRule=null],firstDayOfWeek=1,minimalDaysInFirstWeek=1,ERA=1,YEAR=2017,MONTH=10,WEEK_OF_YEAR=1,WEEK_OF_MONTH=1,DAY_OF_MONTH=7,DAY_OF_YEAR=1,DAY_OF_WEEK=5,DAY_OF_WEEK_IN_MONTH=1,AM_PM=0,HOUR=0,HOUR_OF_DAY=2,MINUTE=23,SECOND=6,MILLISECOND=705,ZONE_OFFSET=0,DST_OFFSET=0] 
10:23:05.557 [Vmware连接检测线程] INFO  c.u.sdn.vmware.Service.ClientSesion - 检查 连接状态成功，休眠300000毫秒 
10:28:05.557 [Vmware连接检测线程] INFO  c.u.sdn.vmware.Service.ClientSesion - 检查 连接状态 
10:28:05.595 [Vmware连接检测线程] INFO  c.u.sdn.vmware.Service.ClientSesion - 检查 信息java.util.GregorianCalendar[time=?,areFieldsSet=false,areAllFieldsSet=true,lenient=true,zone=sun.util.calendar.ZoneInfo[id="GMT+00:00",offset=0,dstSavings=0,useDaylight=false,transitions=0,lastRule=null],firstDayOfWeek=1,minimalDaysInFirstWeek=1,ERA=1,YEAR=2017,MONTH=10,WEEK_OF_YEAR=1,WEEK_OF_MONTH=1,DAY_OF_MONTH=7,DAY_OF_YEAR=1,DAY_OF_WEEK=5,DAY_OF_WEEK_IN_MONTH=1,AM_PM=0,HOUR=0,HOUR_OF_DAY=2,MINUTE=28,SECOND=6,MILLISECOND=744,ZONE_OFFSET=0,DST_OFFSET=0] 
10:28:05.596 [Vmware连接检测线程] INFO  c.u.sdn.vmware.Service.ClientSesion - 检查 连接状态成功，休眠300000毫秒 
