17:24:27.188 [restartedMain] INFO  com.ustcinfo.sdn.SdnApplication - Starting SdnApplication on yu with PID 792 (started by dong in F:\Program Files (x86)\workspaceSMS\sdn-vmware-vijava) 
17:24:27.198 [restartedMain] INFO  com.ustcinfo.sdn.SdnApplication - No active profile set, falling back to default profiles: default 
17:24:28.182 [restartedMain] INFO  o.s.b.c.e.AnnotationConfigEmbeddedWebApplicationContext - Refreshing org.springframework.boot.context.embedded.AnnotationConfigEmbeddedWebApplicationContext@6283aa14: startup date [Mon Oct 30 17:24:28 CST 2017]; root of context hierarchy 
17:24:32.739 [restartedMain] INFO  o.s.b.c.e.t.TomcatEmbeddedServletContainer - Tomcat initialized with port(s): 8080 (http) 
17:24:32.777 [restartedMain] INFO  o.a.catalina.core.StandardService - Starting service Tomcat 
17:24:32.780 [restartedMain] INFO  o.a.catalina.core.StandardEngine - Starting Servlet Engine: Apache Tomcat/8.5.14 
17:24:33.121 [localhost-startStop-1] INFO  o.a.c.c.C.[Tomcat].[localhost].[/] - Initializing Spring embedded WebApplicationContext 
17:24:33.122 [localhost-startStop-1] INFO  o.s.web.context.ContextLoader - Root WebApplicationContext: initialization completed in 4941 ms 
17:24:33.642 [localhost-startStop-1] INFO  o.s.b.w.s.ServletRegistrationBean - Mapping servlet: 'dispatcherServlet' to [/] 
17:24:33.655 [localhost-startStop-1] INFO  o.s.b.w.s.FilterRegistrationBean - Mapping filter: 'characterEncodingFilter' to: [/*] 
17:24:33.657 [localhost-startStop-1] INFO  o.s.b.w.s.FilterRegistrationBean - Mapping filter: 'hiddenHttpMethodFilter' to: [/*] 
17:24:33.658 [localhost-startStop-1] INFO  o.s.b.w.s.FilterRegistrationBean - Mapping filter: 'httpPutFormContentFilter' to: [/*] 
17:24:33.660 [localhost-startStop-1] INFO  o.s.b.w.s.FilterRegistrationBean - Mapping filter: 'requestContextFilter' to: [/*] 
17:24:34.651 [restartedMain] INFO  o.s.w.s.m.m.a.RequestMappingHandlerAdapter - Looking for @ControllerAdvice: org.springframework.boot.context.embedded.AnnotationConfigEmbeddedWebApplicationContext@6283aa14: startup date [Mon Oct 30 17:24:28 CST 2017]; root of context hierarchy 
17:24:34.906 [restartedMain] INFO  o.s.w.s.m.m.a.RequestMappingHandlerMapping - Mapped "{[/connect]}" onto public java.lang.String com.ustcinfo.sdn.vmware.controller.TestController.connect() 
17:24:34.909 [restartedMain] INFO  o.s.w.s.m.m.a.RequestMappingHandlerMapping - Mapped "{[/disconnect]}" onto public java.lang.String com.ustcinfo.sdn.vmware.controller.TestController.disconnect() 
17:24:34.910 [restartedMain] INFO  o.s.w.s.m.m.a.RequestMappingHandlerMapping - Mapped "{[/getVmDetial]}" onto public java.lang.String com.ustcinfo.sdn.vmware.controller.VmController.getVmDetial() 
17:24:34.912 [restartedMain] INFO  o.s.w.s.m.m.a.RequestMappingHandlerMapping - Mapped "{[/index]}" onto public java.lang.String com.ustcinfo.sdn.vmware.controller.WebController.index() 
17:24:34.912 [restartedMain] INFO  o.s.w.s.m.m.a.RequestMappingHandlerMapping - Mapped "{[/whitelist]}" onto public java.lang.String com.ustcinfo.sdn.vmware.controller.WebController.whiteList() 
17:24:34.923 [restartedMain] INFO  o.s.w.s.m.m.a.RequestMappingHandlerMapping - Mapped "{[/error]}" onto public org.springframework.http.ResponseEntity<java.util.Map<java.lang.String, java.lang.Object>> org.springframework.boot.autoconfigure.web.BasicErrorController.error(javax.servlet.http.HttpServletRequest) 
17:24:34.924 [restartedMain] INFO  o.s.w.s.m.m.a.RequestMappingHandlerMapping - Mapped "{[/error],produces=[text/html]}" onto public org.springframework.web.servlet.ModelAndView org.springframework.boot.autoconfigure.web.BasicErrorController.errorHtml(javax.servlet.http.HttpServletRequest,javax.servlet.http.HttpServletResponse) 
17:24:35.048 [restartedMain] INFO  o.s.w.s.h.SimpleUrlHandlerMapping - Mapped URL path [/webjars/**] onto handler of type [class org.springframework.web.servlet.resource.ResourceHttpRequestHandler] 
17:24:35.049 [restartedMain] INFO  o.s.w.s.h.SimpleUrlHandlerMapping - Mapped URL path [/**] onto handler of type [class org.springframework.web.servlet.resource.ResourceHttpRequestHandler] 
17:24:35.201 [restartedMain] INFO  o.s.w.s.h.SimpleUrlHandlerMapping - Mapped URL path [/**/favicon.ico] onto handler of type [class org.springframework.web.servlet.resource.ResourceHttpRequestHandler] 
17:24:37.241 [restartedMain] INFO  o.s.b.d.a.OptionalLiveReloadServer - LiveReload server is running on port 35729 
17:24:37.371 [restartedMain] INFO  o.s.j.e.a.AnnotationMBeanExporter - Registering beans for JMX exposure on startup 
17:24:37.497 [restartedMain] INFO  o.s.b.c.e.t.TomcatEmbeddedServletContainer - Tomcat started on port(s): 8080 (http) 
17:24:37.508 [restartedMain] INFO  c.u.s.v.controller.StartupRunner - >>>>>>>>>>>>>>>服务启动执行，执行  <<<<<<<<<<<<< 
17:24:37.513 [restartedMain] INFO  com.ustcinfo.sdn.SdnApplication - Started SdnApplication in 11.214 seconds (JVM running for 12.978) 
17:24:37.517 [Vmware连接检测线程] INFO  c.u.sdn.vmware.Service.ClientSesion - 检查 连接状态 
17:24:37.522 [Vmware连接检测线程] ERROR c.u.sdn.vmware.Service.ClientSesion - 检查 异常 
java.lang.NullPointerException: null
	at com.ustcinfo.sdn.vmware.Service.ClientSesion.check(ClientSesion.java:65)
	at com.ustcinfo.sdn.vmware.Service.ClientSesion$KeepAlive.run(ClientSesion.java:81)
	at java.lang.Thread.run(Thread.java:745)
17:24:37.523 [Vmware连接检测线程] INFO  c.u.sdn.vmware.Service.ClientSesion - 检查 连接状态:断开连接，重新连接。 
17:24:39.514 [Vmware连接检测线程] INFO  c.u.sdn.vmware.Service.ClientSesion - 名称:VMware vCenter Server 5.5.0 build-3142196;版本:5.5.0;apiTypeVirtualCenter 
17:24:39.516 [Vmware连接检测线程] INFO  c.u.sdn.vmware.Service.ClientSesion - 检查 连接状态 
17:24:39.522 [Vmware连接检测线程] INFO  c.u.sdn.vmware.Service.ClientSesion - 检查 信息java.util.GregorianCalendar[time=?,areFieldsSet=false,areAllFieldsSet=true,lenient=true,zone=sun.util.calendar.ZoneInfo[id="GMT+00:00",offset=0,dstSavings=0,useDaylight=false,transitions=0,lastRule=null],firstDayOfWeek=1,minimalDaysInFirstWeek=1,ERA=1,YEAR=2017,MONTH=9,WEEK_OF_YEAR=1,WEEK_OF_MONTH=1,DAY_OF_MONTH=30,DAY_OF_YEAR=1,DAY_OF_WEEK=5,DAY_OF_WEEK_IN_MONTH=1,AM_PM=0,HOUR=0,HOUR_OF_DAY=9,MINUTE=24,SECOND=42,MILLISECOND=759,ZONE_OFFSET=0,DST_OFFSET=0] 
17:24:39.522 [Vmware连接检测线程] INFO  c.u.sdn.vmware.Service.ClientSesion - 名称:VMware vCenter Server 5.5.0 build-3142196;版本:5.5.0;apiTypeVirtualCenter 
17:24:39.523 [Vmware连接检测线程] INFO  c.u.sdn.vmware.Service.ClientSesion - 检查 连接状态成功，休眠30000毫秒 
17:24:48.136 [http-nio-8080-exec-1] INFO  o.a.c.c.C.[Tomcat].[localhost].[/] - Initializing Spring FrameworkServlet 'dispatcherServlet' 
17:24:48.136 [http-nio-8080-exec-1] INFO  o.s.web.servlet.DispatcherServlet - FrameworkServlet 'dispatcherServlet': initialization started 
17:24:48.190 [http-nio-8080-exec-1] INFO  o.s.web.servlet.DispatcherServlet - FrameworkServlet 'dispatcherServlet': initialization completed in 53 ms 
17:24:48.263 [http-nio-8080-exec-1] INFO  c.u.s.v.controller.TestController - disconnect 
17:25:09.524 [Vmware连接检测线程] INFO  c.u.sdn.vmware.Service.ClientSesion - 检查 连接状态 
17:25:09.552 [Vmware连接检测线程] INFO  c.u.sdn.vmware.Service.ClientSesion - 检查 信息java.util.GregorianCalendar[time=?,areFieldsSet=false,areAllFieldsSet=true,lenient=true,zone=sun.util.calendar.ZoneInfo[id="GMT+00:00",offset=0,dstSavings=0,useDaylight=false,transitions=0,lastRule=null],firstDayOfWeek=1,minimalDaysInFirstWeek=1,ERA=1,YEAR=2017,MONTH=9,WEEK_OF_YEAR=1,WEEK_OF_MONTH=1,DAY_OF_MONTH=30,DAY_OF_YEAR=1,DAY_OF_WEEK=5,DAY_OF_WEEK_IN_MONTH=1,AM_PM=0,HOUR=0,HOUR_OF_DAY=9,MINUTE=25,SECOND=12,MILLISECOND=788,ZONE_OFFSET=0,DST_OFFSET=0] 
17:25:09.553 [Vmware连接检测线程] INFO  c.u.sdn.vmware.Service.ClientSesion - 名称:VMware vCenter Server 5.5.0 build-3142196;版本:5.5.0;apiTypeVirtualCenter 
17:25:09.553 [Vmware连接检测线程] INFO  c.u.sdn.vmware.Service.ClientSesion - 检查 连接状态成功，休眠30000毫秒 
17:25:39.554 [Vmware连接检测线程] INFO  c.u.sdn.vmware.Service.ClientSesion - 检查 连接状态 
17:25:39.588 [Vmware连接检测线程] INFO  c.u.sdn.vmware.Service.ClientSesion - 检查 信息java.util.GregorianCalendar[time=?,areFieldsSet=false,areAllFieldsSet=true,lenient=true,zone=sun.util.calendar.ZoneInfo[id="GMT+00:00",offset=0,dstSavings=0,useDaylight=false,transitions=0,lastRule=null],firstDayOfWeek=1,minimalDaysInFirstWeek=1,ERA=1,YEAR=2017,MONTH=9,WEEK_OF_YEAR=1,WEEK_OF_MONTH=1,DAY_OF_MONTH=30,DAY_OF_YEAR=1,DAY_OF_WEEK=5,DAY_OF_WEEK_IN_MONTH=1,AM_PM=0,HOUR=0,HOUR_OF_DAY=9,MINUTE=25,SECOND=42,MILLISECOND=824,ZONE_OFFSET=0,DST_OFFSET=0] 
17:25:39.589 [Vmware连接检测线程] INFO  c.u.sdn.vmware.Service.ClientSesion - 名称:VMware vCenter Server 5.5.0 build-3142196;版本:5.5.0;apiTypeVirtualCenter 
17:25:39.589 [Vmware连接检测线程] INFO  c.u.sdn.vmware.Service.ClientSesion - 检查 连接状态成功，休眠30000毫秒 
17:25:49.241 [restartedMain] INFO  com.ustcinfo.sdn.SdnApplication - Starting SdnApplication on yu with PID 13140 (started by dong in F:\Program Files (x86)\workspaceSMS\sdn-vmware-vijava) 
17:25:49.266 [restartedMain] INFO  com.ustcinfo.sdn.SdnApplication - No active profile set, falling back to default profiles: default 
17:25:50.699 [restartedMain] INFO  o.s.b.c.e.AnnotationConfigEmbeddedWebApplicationContext - Refreshing org.springframework.boot.context.embedded.AnnotationConfigEmbeddedWebApplicationContext@6b4b8abe: startup date [Mon Oct 30 17:25:50 CST 2017]; root of context hierarchy 
17:25:54.219 [restartedMain] INFO  o.s.b.c.e.t.TomcatEmbeddedServletContainer - Tomcat initialized with port(s): 8080 (http) 
17:25:54.241 [restartedMain] INFO  o.a.catalina.core.StandardService - Starting service Tomcat 
17:25:54.243 [restartedMain] INFO  o.a.catalina.core.StandardEngine - Starting Servlet Engine: Apache Tomcat/8.5.14 
17:25:54.480 [localhost-startStop-1] INFO  o.a.c.c.C.[Tomcat].[localhost].[/] - Initializing Spring embedded WebApplicationContext 
17:25:54.480 [localhost-startStop-1] INFO  o.s.web.context.ContextLoader - Root WebApplicationContext: initialization completed in 3781 ms 
17:25:54.831 [localhost-startStop-1] INFO  o.s.b.w.s.ServletRegistrationBean - Mapping servlet: 'dispatcherServlet' to [/] 
17:25:54.838 [localhost-startStop-1] INFO  o.s.b.w.s.FilterRegistrationBean - Mapping filter: 'characterEncodingFilter' to: [/*] 
17:25:54.839 [localhost-startStop-1] INFO  o.s.b.w.s.FilterRegistrationBean - Mapping filter: 'hiddenHttpMethodFilter' to: [/*] 
17:25:54.841 [localhost-startStop-1] INFO  o.s.b.w.s.FilterRegistrationBean - Mapping filter: 'httpPutFormContentFilter' to: [/*] 
17:25:54.841 [localhost-startStop-1] INFO  o.s.b.w.s.FilterRegistrationBean - Mapping filter: 'requestContextFilter' to: [/*] 
17:25:55.398 [restartedMain] INFO  o.s.w.s.m.m.a.RequestMappingHandlerAdapter - Looking for @ControllerAdvice: org.springframework.boot.context.embedded.AnnotationConfigEmbeddedWebApplicationContext@6b4b8abe: startup date [Mon Oct 30 17:25:50 CST 2017]; root of context hierarchy 
17:25:55.533 [restartedMain] INFO  o.s.w.s.m.m.a.RequestMappingHandlerMapping - Mapped "{[/connect]}" onto public java.lang.String com.ustcinfo.sdn.vmware.controller.TestController.connect() 
17:25:55.535 [restartedMain] INFO  o.s.w.s.m.m.a.RequestMappingHandlerMapping - Mapped "{[/disconnect]}" onto public java.lang.String com.ustcinfo.sdn.vmware.controller.TestController.disconnect() 
17:25:55.536 [restartedMain] INFO  o.s.w.s.m.m.a.RequestMappingHandlerMapping - Mapped "{[/getVmDetial]}" onto public java.lang.String com.ustcinfo.sdn.vmware.controller.VmController.getVmDetial() 
17:25:55.540 [restartedMain] INFO  o.s.w.s.m.m.a.RequestMappingHandlerMapping - Mapped "{[/index]}" onto public java.lang.String com.ustcinfo.sdn.vmware.controller.WebController.index() 
17:25:55.541 [restartedMain] INFO  o.s.w.s.m.m.a.RequestMappingHandlerMapping - Mapped "{[/whitelist]}" onto public java.lang.String com.ustcinfo.sdn.vmware.controller.WebController.whiteList() 
17:25:55.550 [restartedMain] INFO  o.s.w.s.m.m.a.RequestMappingHandlerMapping - Mapped "{[/error]}" onto public org.springframework.http.ResponseEntity<java.util.Map<java.lang.String, java.lang.Object>> org.springframework.boot.autoconfigure.web.BasicErrorController.error(javax.servlet.http.HttpServletRequest) 
17:25:55.551 [restartedMain] INFO  o.s.w.s.m.m.a.RequestMappingHandlerMapping - Mapped "{[/error],produces=[text/html]}" onto public org.springframework.web.servlet.ModelAndView org.springframework.boot.autoconfigure.web.BasicErrorController.errorHtml(javax.servlet.http.HttpServletRequest,javax.servlet.http.HttpServletResponse) 
17:25:55.619 [restartedMain] INFO  o.s.w.s.h.SimpleUrlHandlerMapping - Mapped URL path [/webjars/**] onto handler of type [class org.springframework.web.servlet.resource.ResourceHttpRequestHandler] 
17:25:55.619 [restartedMain] INFO  o.s.w.s.h.SimpleUrlHandlerMapping - Mapped URL path [/**] onto handler of type [class org.springframework.web.servlet.resource.ResourceHttpRequestHandler] 
17:25:55.742 [restartedMain] INFO  o.s.w.s.h.SimpleUrlHandlerMapping - Mapped URL path [/**/favicon.ico] onto handler of type [class org.springframework.web.servlet.resource.ResourceHttpRequestHandler] 
17:25:57.436 [restartedMain] INFO  o.s.b.d.a.OptionalLiveReloadServer - LiveReload server is running on port 35729 
17:25:57.595 [restartedMain] INFO  o.s.j.e.a.AnnotationMBeanExporter - Registering beans for JMX exposure on startup 
17:25:57.744 [restartedMain] INFO  o.s.b.c.e.t.TomcatEmbeddedServletContainer - Tomcat started on port(s): 8080 (http) 
17:25:57.750 [restartedMain] INFO  c.u.s.v.controller.StartupRunner - >>>>>>>>>>>>>>>服务启动执行，执行  <<<<<<<<<<<<< 
17:25:57.754 [restartedMain] INFO  com.ustcinfo.sdn.SdnApplication - Started SdnApplication in 9.527 seconds (JVM running for 11.687) 
17:25:57.770 [Vmware连接检测线程] INFO  c.u.sdn.vmware.Service.ClientSesion - 检查 连接状态 
17:25:57.776 [Vmware连接检测线程] ERROR c.u.sdn.vmware.Service.ClientSesion - 检查 异常 
java.lang.NullPointerException: null
	at com.ustcinfo.sdn.vmware.Service.ClientSesion.check(ClientSesion.java:65)
	at com.ustcinfo.sdn.vmware.Service.ClientSesion$KeepAlive.run(ClientSesion.java:81)
	at java.lang.Thread.run(Thread.java:745)
17:25:57.777 [Vmware连接检测线程] INFO  c.u.sdn.vmware.Service.ClientSesion - 检查 连接状态:断开连接，重新连接。 
17:25:58.747 [Vmware连接检测线程] INFO  c.u.sdn.vmware.Service.ClientSesion - 名称:VMware vCenter Server 5.5.0 build-3142196;版本:5.5.0;apiTypeVirtualCenter 
17:25:58.749 [Vmware连接检测线程] INFO  c.u.sdn.vmware.Service.ClientSesion - 检查 连接状态 
17:25:58.755 [Vmware连接检测线程] INFO  c.u.sdn.vmware.Service.ClientSesion - 检查 信息java.util.GregorianCalendar[time=?,areFieldsSet=false,areAllFieldsSet=true,lenient=true,zone=sun.util.calendar.ZoneInfo[id="GMT+00:00",offset=0,dstSavings=0,useDaylight=false,transitions=0,lastRule=null],firstDayOfWeek=1,minimalDaysInFirstWeek=1,ERA=1,YEAR=2017,MONTH=9,WEEK_OF_YEAR=1,WEEK_OF_MONTH=1,DAY_OF_MONTH=30,DAY_OF_YEAR=1,DAY_OF_WEEK=5,DAY_OF_WEEK_IN_MONTH=1,AM_PM=0,HOUR=0,HOUR_OF_DAY=9,MINUTE=26,SECOND=1,MILLISECOND=994,ZONE_OFFSET=0,DST_OFFSET=0] 
17:25:58.755 [Vmware连接检测线程] INFO  c.u.sdn.vmware.Service.ClientSesion - 名称:VMware vCenter Server 5.5.0 build-3142196;版本:5.5.0;apiTypeVirtualCenter 
17:25:58.756 [Vmware连接检测线程] INFO  c.u.sdn.vmware.Service.ClientSesion - 检查 连接状态成功，休眠30000毫秒 
17:26:13.247 [http-nio-8080-exec-6] INFO  o.a.c.c.C.[Tomcat].[localhost].[/] - Initializing Spring FrameworkServlet 'dispatcherServlet' 
17:26:13.249 [http-nio-8080-exec-6] INFO  o.s.web.servlet.DispatcherServlet - FrameworkServlet 'dispatcherServlet': initialization started 
17:26:13.391 [http-nio-8080-exec-6] INFO  o.s.web.servlet.DispatcherServlet - FrameworkServlet 'dispatcherServlet': initialization completed in 141 ms 
17:26:13.507 [http-nio-8080-exec-6] INFO  c.u.s.v.controller.TestController - disconnect 
17:26:28.756 [Vmware连接检测线程] INFO  c.u.sdn.vmware.Service.ClientSesion - 检查 连接状态 
17:26:28.788 [Vmware连接检测线程] INFO  c.u.sdn.vmware.Service.ClientSesion - 检查 信息java.util.GregorianCalendar[time=?,areFieldsSet=false,areAllFieldsSet=true,lenient=true,zone=sun.util.calendar.ZoneInfo[id="GMT+00:00",offset=0,dstSavings=0,useDaylight=false,transitions=0,lastRule=null],firstDayOfWeek=1,minimalDaysInFirstWeek=1,ERA=1,YEAR=2017,MONTH=9,WEEK_OF_YEAR=1,WEEK_OF_MONTH=1,DAY_OF_MONTH=30,DAY_OF_YEAR=1,DAY_OF_WEEK=5,DAY_OF_WEEK_IN_MONTH=1,AM_PM=0,HOUR=0,HOUR_OF_DAY=9,MINUTE=26,SECOND=32,MILLISECOND=26,ZONE_OFFSET=0,DST_OFFSET=0] 
17:26:28.789 [Vmware连接检测线程] INFO  c.u.sdn.vmware.Service.ClientSesion - 名称:VMware vCenter Server 5.5.0 build-3142196;版本:5.5.0;apiTypeVirtualCenter 
17:26:28.789 [Vmware连接检测线程] INFO  c.u.sdn.vmware.Service.ClientSesion - 检查 连接状态成功，休眠30000毫秒 
17:26:46.383 [Thread-6] INFO  o.s.b.c.e.AnnotationConfigEmbeddedWebApplicationContext - Closing org.springframework.boot.context.embedded.AnnotationConfigEmbeddedWebApplicationContext@6b4b8abe: startup date [Mon Oct 30 17:25:50 CST 2017]; root of context hierarchy 
17:26:46.388 [Thread-6] INFO  o.s.j.e.a.AnnotationMBeanExporter - Unregistering JMX-exposed beans on shutdown 
17:26:47.567 [restartedMain] INFO  com.ustcinfo.sdn.SdnApplication - Starting SdnApplication on yu with PID 13140 (started by dong in F:\Program Files (x86)\workspaceSMS\sdn-vmware-vijava) 
17:26:47.568 [restartedMain] INFO  com.ustcinfo.sdn.SdnApplication - No active profile set, falling back to default profiles: default 
17:26:47.574 [restartedMain] INFO  o.s.b.c.e.AnnotationConfigEmbeddedWebApplicationContext - Refreshing org.springframework.boot.context.embedded.AnnotationConfigEmbeddedWebApplicationContext@408ed801: startup date [Mon Oct 30 17:26:47 CST 2017]; root of context hierarchy 
17:26:48.905 [restartedMain] INFO  o.s.b.c.e.t.TomcatEmbeddedServletContainer - Tomcat initialized with port(s): 8080 (http) 
17:26:48.906 [restartedMain] INFO  o.a.catalina.core.StandardService - Starting service Tomcat 
17:26:48.907 [restartedMain] INFO  o.a.catalina.core.StandardEngine - Starting Servlet Engine: Apache Tomcat/8.5.14 
17:26:48.958 [localhost-startStop-1] INFO  o.a.c.c.C.[Tomcat].[localhost].[/] - Initializing Spring embedded WebApplicationContext 
17:26:48.960 [localhost-startStop-1] INFO  o.s.web.context.ContextLoader - Root WebApplicationContext: initialization completed in 1386 ms 
17:26:49.052 [localhost-startStop-1] INFO  o.s.b.w.s.ServletRegistrationBean - Mapping servlet: 'dispatcherServlet' to [/] 
17:26:49.054 [localhost-startStop-1] INFO  o.s.b.w.s.FilterRegistrationBean - Mapping filter: 'characterEncodingFilter' to: [/*] 
17:26:49.055 [localhost-startStop-1] INFO  o.s.b.w.s.FilterRegistrationBean - Mapping filter: 'hiddenHttpMethodFilter' to: [/*] 
17:26:49.055 [localhost-startStop-1] INFO  o.s.b.w.s.FilterRegistrationBean - Mapping filter: 'httpPutFormContentFilter' to: [/*] 
17:26:49.055 [localhost-startStop-1] INFO  o.s.b.w.s.FilterRegistrationBean - Mapping filter: 'requestContextFilter' to: [/*] 
17:26:49.259 [restartedMain] INFO  o.s.w.s.m.m.a.RequestMappingHandlerAdapter - Looking for @ControllerAdvice: org.springframework.boot.context.embedded.AnnotationConfigEmbeddedWebApplicationContext@408ed801: startup date [Mon Oct 30 17:26:47 CST 2017]; root of context hierarchy 
17:26:49.272 [restartedMain] INFO  o.s.w.s.m.m.a.RequestMappingHandlerMapping - Mapped "{[/connect]}" onto public java.lang.String com.ustcinfo.sdn.vmware.controller.TestController.connect() 
17:26:49.273 [restartedMain] INFO  o.s.w.s.m.m.a.RequestMappingHandlerMapping - Mapped "{[/disconnect]}" onto public java.lang.String com.ustcinfo.sdn.vmware.controller.TestController.disconnect() 
17:26:49.274 [restartedMain] INFO  o.s.w.s.m.m.a.RequestMappingHandlerMapping - Mapped "{[/getVmDetial]}" onto public java.lang.String com.ustcinfo.sdn.vmware.controller.VmController.getVmDetial() 
17:26:49.276 [restartedMain] INFO  o.s.w.s.m.m.a.RequestMappingHandlerMapping - Mapped "{[/index]}" onto public java.lang.String com.ustcinfo.sdn.vmware.controller.WebController.index() 
17:26:49.277 [restartedMain] INFO  o.s.w.s.m.m.a.RequestMappingHandlerMapping - Mapped "{[/whitelist]}" onto public java.lang.String com.ustcinfo.sdn.vmware.controller.WebController.whiteList() 
17:26:49.283 [restartedMain] INFO  o.s.w.s.m.m.a.RequestMappingHandlerMapping - Mapped "{[/error]}" onto public org.springframework.http.ResponseEntity<java.util.Map<java.lang.String, java.lang.Object>> org.springframework.boot.autoconfigure.web.BasicErrorController.error(javax.servlet.http.HttpServletRequest) 
17:26:49.284 [restartedMain] INFO  o.s.w.s.m.m.a.RequestMappingHandlerMapping - Mapped "{[/error],produces=[text/html]}" onto public org.springframework.web.servlet.ModelAndView org.springframework.boot.autoconfigure.web.BasicErrorController.errorHtml(javax.servlet.http.HttpServletRequest,javax.servlet.http.HttpServletResponse) 
17:26:49.304 [restartedMain] INFO  o.s.w.s.h.SimpleUrlHandlerMapping - Mapped URL path [/webjars/**] onto handler of type [class org.springframework.web.servlet.resource.ResourceHttpRequestHandler] 
17:26:49.305 [restartedMain] INFO  o.s.w.s.h.SimpleUrlHandlerMapping - Mapped URL path [/**] onto handler of type [class org.springframework.web.servlet.resource.ResourceHttpRequestHandler] 
17:26:49.340 [restartedMain] INFO  o.s.w.s.h.SimpleUrlHandlerMapping - Mapped URL path [/**/favicon.ico] onto handler of type [class org.springframework.web.servlet.resource.ResourceHttpRequestHandler] 
17:26:50.161 [restartedMain] INFO  o.s.b.d.a.OptionalLiveReloadServer - LiveReload server is running on port 35729 
17:26:50.269 [restartedMain] INFO  o.s.j.e.a.AnnotationMBeanExporter - Registering beans for JMX exposure on startup 
17:26:50.292 [restartedMain] INFO  o.s.b.c.e.t.TomcatEmbeddedServletContainer - Tomcat started on port(s): 8080 (http) 
17:26:50.295 [restartedMain] INFO  c.u.s.v.controller.StartupRunner - >>>>>>>>>>>>>>>服务启动执行，执行  <<<<<<<<<<<<< 
17:26:50.298 [restartedMain] INFO  com.ustcinfo.sdn.SdnApplication - Started SdnApplication in 2.93 seconds (JVM running for 64.23) 
17:26:50.301 [Vmware连接检测线程] INFO  c.u.sdn.vmware.Service.ClientSesion - 检查 连接状态 
17:26:50.302 [Vmware连接检测线程] ERROR c.u.sdn.vmware.Service.ClientSesion - 检查 异常 
java.lang.NullPointerException: null
	at com.ustcinfo.sdn.vmware.Service.ClientSesion.check(ClientSesion.java:65)
	at com.ustcinfo.sdn.vmware.Service.ClientSesion$KeepAlive.run(ClientSesion.java:81)
	at java.lang.Thread.run(Thread.java:745)
17:26:50.302 [Vmware连接检测线程] INFO  c.u.sdn.vmware.Service.ClientSesion - 检查 连接状态:断开连接，重新连接。 
17:26:50.585 [Vmware连接检测线程] INFO  c.u.sdn.vmware.Service.ClientSesion - 名称:VMware vCenter Server 5.5.0 build-3142196;版本:5.5.0;apiTypeVirtualCenter 
17:26:50.586 [Vmware连接检测线程] INFO  c.u.sdn.vmware.Service.ClientSesion - 检查 连接状态 
17:26:50.592 [Vmware连接检测线程] INFO  c.u.sdn.vmware.Service.ClientSesion - 检查 信息java.util.GregorianCalendar[time=?,areFieldsSet=false,areAllFieldsSet=true,lenient=true,zone=sun.util.calendar.ZoneInfo[id="GMT+00:00",offset=0,dstSavings=0,useDaylight=false,transitions=0,lastRule=null],firstDayOfWeek=1,minimalDaysInFirstWeek=1,ERA=1,YEAR=2017,MONTH=9,WEEK_OF_YEAR=1,WEEK_OF_MONTH=1,DAY_OF_MONTH=30,DAY_OF_YEAR=1,DAY_OF_WEEK=5,DAY_OF_WEEK_IN_MONTH=1,AM_PM=0,HOUR=0,HOUR_OF_DAY=9,MINUTE=26,SECOND=53,MILLISECOND=831,ZONE_OFFSET=0,DST_OFFSET=0] 
17:26:50.593 [Vmware连接检测线程] INFO  c.u.sdn.vmware.Service.ClientSesion - 名称:VMware vCenter Server 5.5.0 build-3142196;版本:5.5.0;apiTypeVirtualCenter 
17:26:50.593 [Vmware连接检测线程] INFO  c.u.sdn.vmware.Service.ClientSesion - 检查 连接状态成功，休眠30000毫秒 
17:26:58.789 [Vmware连接检测线程] INFO  c.u.sdn.vmware.Service.ClientSesion - 检查 连接状态 
17:26:58.828 [Vmware连接检测线程] INFO  c.u.sdn.vmware.Service.ClientSesion - 检查 信息java.util.GregorianCalendar[time=?,areFieldsSet=false,areAllFieldsSet=true,lenient=true,zone=sun.util.calendar.ZoneInfo[id="GMT+00:00",offset=0,dstSavings=0,useDaylight=false,transitions=0,lastRule=null],firstDayOfWeek=1,minimalDaysInFirstWeek=1,ERA=1,YEAR=2017,MONTH=9,WEEK_OF_YEAR=1,WEEK_OF_MONTH=1,DAY_OF_MONTH=30,DAY_OF_YEAR=1,DAY_OF_WEEK=5,DAY_OF_WEEK_IN_MONTH=1,AM_PM=0,HOUR=0,HOUR_OF_DAY=9,MINUTE=27,SECOND=2,MILLISECOND=62,ZONE_OFFSET=0,DST_OFFSET=0] 
17:26:58.828 [Vmware连接检测线程] INFO  c.u.sdn.vmware.Service.ClientSesion - 名称:VMware vCenter Server 5.5.0 build-3142196;版本:5.5.0;apiTypeVirtualCenter 
17:26:58.829 [Vmware连接检测线程] INFO  c.u.sdn.vmware.Service.ClientSesion - 检查 连接状态成功，休眠30000毫秒 
17:27:10.285 [http-nio-8080-exec-5] INFO  o.a.c.c.C.[Tomcat].[localhost].[/] - Initializing Spring FrameworkServlet 'dispatcherServlet' 
17:27:10.285 [http-nio-8080-exec-5] INFO  o.s.web.servlet.DispatcherServlet - FrameworkServlet 'dispatcherServlet': initialization started 
17:27:10.300 [http-nio-8080-exec-5] INFO  o.s.web.servlet.DispatcherServlet - FrameworkServlet 'dispatcherServlet': initialization completed in 14 ms 
17:27:10.308 [http-nio-8080-exec-5] INFO  c.u.s.v.controller.TestController - disconnect 
17:27:10.361 [http-nio-8080-exec-5] INFO  c.u.sdn.vmware.Service.ClientSesion - 断开连接 
17:27:20.594 [Vmware连接检测线程] INFO  c.u.sdn.vmware.Service.ClientSesion - 检查 连接状态 
17:27:20.594 [Vmware连接检测线程] ERROR c.u.sdn.vmware.Service.ClientSesion - 检查 异常 
java.lang.NullPointerException: null
	at com.vmware.vim25.mo.ServiceInstance.currentTime(ServiceInstance.java:146)
	at com.ustcinfo.sdn.vmware.Service.ClientSesion.check(ClientSesion.java:65)
	at com.ustcinfo.sdn.vmware.Service.ClientSesion$KeepAlive.run(ClientSesion.java:81)
	at java.lang.Thread.run(Thread.java:745)
17:27:20.594 [Vmware连接检测线程] INFO  c.u.sdn.vmware.Service.ClientSesion - 检查 连接状态:断开连接，重新连接。 
17:27:20.848 [Vmware连接检测线程] INFO  c.u.sdn.vmware.Service.ClientSesion - 名称:VMware vCenter Server 5.5.0 build-3142196;版本:5.5.0;apiTypeVirtualCenter 
17:27:20.849 [Vmware连接检测线程] INFO  c.u.sdn.vmware.Service.ClientSesion - 检查 连接状态 
17:27:20.858 [Vmware连接检测线程] INFO  c.u.sdn.vmware.Service.ClientSesion - 检查 信息java.util.GregorianCalendar[time=?,areFieldsSet=false,areAllFieldsSet=true,lenient=true,zone=sun.util.calendar.ZoneInfo[id="GMT+00:00",offset=0,dstSavings=0,useDaylight=false,transitions=0,lastRule=null],firstDayOfWeek=1,minimalDaysInFirstWeek=1,ERA=1,YEAR=2017,MONTH=9,WEEK_OF_YEAR=1,WEEK_OF_MONTH=1,DAY_OF_MONTH=30,DAY_OF_YEAR=1,DAY_OF_WEEK=5,DAY_OF_WEEK_IN_MONTH=1,AM_PM=0,HOUR=0,HOUR_OF_DAY=9,MINUTE=27,SECOND=24,MILLISECOND=96,ZONE_OFFSET=0,DST_OFFSET=0] 
17:27:20.859 [Vmware连接检测线程] INFO  c.u.sdn.vmware.Service.ClientSesion - 名称:VMware vCenter Server 5.5.0 build-3142196;版本:5.5.0;apiTypeVirtualCenter 
17:27:20.859 [Vmware连接检测线程] INFO  c.u.sdn.vmware.Service.ClientSesion - 检查 连接状态成功，休眠30000毫秒 
17:27:28.829 [Vmware连接检测线程] INFO  c.u.sdn.vmware.Service.ClientSesion - 检查 连接状态 
17:27:28.866 [Vmware连接检测线程] INFO  c.u.sdn.vmware.Service.ClientSesion - 检查 信息java.util.GregorianCalendar[time=?,areFieldsSet=false,areAllFieldsSet=true,lenient=true,zone=sun.util.calendar.ZoneInfo[id="GMT+00:00",offset=0,dstSavings=0,useDaylight=false,transitions=0,lastRule=null],firstDayOfWeek=1,minimalDaysInFirstWeek=1,ERA=1,YEAR=2017,MONTH=9,WEEK_OF_YEAR=1,WEEK_OF_MONTH=1,DAY_OF_MONTH=30,DAY_OF_YEAR=1,DAY_OF_WEEK=5,DAY_OF_WEEK_IN_MONTH=1,AM_PM=0,HOUR=0,HOUR_OF_DAY=9,MINUTE=27,SECOND=32,MILLISECOND=105,ZONE_OFFSET=0,DST_OFFSET=0] 
17:27:28.867 [Vmware连接检测线程] INFO  c.u.sdn.vmware.Service.ClientSesion - 名称:VMware vCenter Server 5.5.0 build-3142196;版本:5.5.0;apiTypeVirtualCenter 
17:27:28.867 [Vmware连接检测线程] INFO  c.u.sdn.vmware.Service.ClientSesion - 检查 连接状态成功，休眠30000毫秒 
17:53:16.272 [restartedMain] INFO  com.ustcinfo.sdn.SdnApplication - Starting SdnApplication on yu with PID 9700 (started by dong in F:\Program Files (x86)\workspaceSMS\sdn-vmware-vijava) 
17:53:16.282 [restartedMain] INFO  com.ustcinfo.sdn.SdnApplication - No active profile set, falling back to default profiles: default 
17:53:17.980 [restartedMain] INFO  o.s.b.c.e.AnnotationConfigEmbeddedWebApplicationContext - Refreshing org.springframework.boot.context.embedded.AnnotationConfigEmbeddedWebApplicationContext@5461e5d9: startup date [Mon Oct 30 17:53:17 CST 2017]; root of context hierarchy 
17:53:23.981 [restartedMain] INFO  o.s.b.c.e.t.TomcatEmbeddedServletContainer - Tomcat initialized with port(s): 8080 (http) 
17:53:24.031 [restartedMain] INFO  o.a.catalina.core.StandardService - Starting service Tomcat 
17:53:24.036 [restartedMain] INFO  o.a.catalina.core.StandardEngine - Starting Servlet Engine: Apache Tomcat/8.5.14 
17:53:24.708 [localhost-startStop-1] INFO  o.a.c.c.C.[Tomcat].[localhost].[/] - Initializing Spring embedded WebApplicationContext 
17:53:24.718 [localhost-startStop-1] INFO  o.s.web.context.ContextLoader - Root WebApplicationContext: initialization completed in 6735 ms 
17:53:25.309 [localhost-startStop-1] INFO  o.s.b.w.s.ServletRegistrationBean - Mapping servlet: 'dispatcherServlet' to [/] 
17:53:25.329 [localhost-startStop-1] INFO  o.s.b.w.s.FilterRegistrationBean - Mapping filter: 'characterEncodingFilter' to: [/*] 
17:53:25.330 [localhost-startStop-1] INFO  o.s.b.w.s.FilterRegistrationBean - Mapping filter: 'hiddenHttpMethodFilter' to: [/*] 
17:53:25.331 [localhost-startStop-1] INFO  o.s.b.w.s.FilterRegistrationBean - Mapping filter: 'httpPutFormContentFilter' to: [/*] 
17:53:25.333 [localhost-startStop-1] INFO  o.s.b.w.s.FilterRegistrationBean - Mapping filter: 'requestContextFilter' to: [/*] 
17:53:26.591 [restartedMain] INFO  o.s.w.s.m.m.a.RequestMappingHandlerAdapter - Looking for @ControllerAdvice: org.springframework.boot.context.embedded.AnnotationConfigEmbeddedWebApplicationContext@5461e5d9: startup date [Mon Oct 30 17:53:17 CST 2017]; root of context hierarchy 
17:53:26.818 [restartedMain] INFO  o.s.w.s.m.m.a.RequestMappingHandlerMapping - Mapped "{[/connect]}" onto public java.lang.String com.ustcinfo.sdn.vmware.controller.TestController.connect() 
17:53:26.820 [restartedMain] INFO  o.s.w.s.m.m.a.RequestMappingHandlerMapping - Mapped "{[/disconnect]}" onto public java.lang.String com.ustcinfo.sdn.vmware.controller.TestController.disconnect() 
17:53:26.822 [restartedMain] INFO  o.s.w.s.m.m.a.RequestMappingHandlerMapping - Mapped "{[/getVmDetial]}" onto public java.lang.String com.ustcinfo.sdn.vmware.controller.VmController.getVmDetial() throws com.vmware.vim25.InvalidProperty,com.vmware.vim25.RuntimeFault,java.rmi.RemoteException 
17:53:26.823 [restartedMain] INFO  o.s.w.s.m.m.a.RequestMappingHandlerMapping - Mapped "{[/index]}" onto public java.lang.String com.ustcinfo.sdn.vmware.controller.WebController.index() 
17:53:26.825 [restartedMain] INFO  o.s.w.s.m.m.a.RequestMappingHandlerMapping - Mapped "{[/whitelist]}" onto public java.lang.String com.ustcinfo.sdn.vmware.controller.WebController.whiteList() 
17:53:26.834 [restartedMain] INFO  o.s.w.s.m.m.a.RequestMappingHandlerMapping - Mapped "{[/error]}" onto public org.springframework.http.ResponseEntity<java.util.Map<java.lang.String, java.lang.Object>> org.springframework.boot.autoconfigure.web.BasicErrorController.error(javax.servlet.http.HttpServletRequest) 
17:53:26.835 [restartedMain] INFO  o.s.w.s.m.m.a.RequestMappingHandlerMapping - Mapped "{[/error],produces=[text/html]}" onto public org.springframework.web.servlet.ModelAndView org.springframework.boot.autoconfigure.web.BasicErrorController.errorHtml(javax.servlet.http.HttpServletRequest,javax.servlet.http.HttpServletResponse) 
17:53:26.920 [restartedMain] INFO  o.s.w.s.h.SimpleUrlHandlerMapping - Mapped URL path [/webjars/**] onto handler of type [class org.springframework.web.servlet.resource.ResourceHttpRequestHandler] 
17:53:26.921 [restartedMain] INFO  o.s.w.s.h.SimpleUrlHandlerMapping - Mapped URL path [/**] onto handler of type [class org.springframework.web.servlet.resource.ResourceHttpRequestHandler] 
17:53:27.025 [restartedMain] INFO  o.s.w.s.h.SimpleUrlHandlerMapping - Mapped URL path [/**/favicon.ico] onto handler of type [class org.springframework.web.servlet.resource.ResourceHttpRequestHandler] 
17:53:31.368 [restartedMain] INFO  o.s.b.d.a.OptionalLiveReloadServer - LiveReload server is running on port 35729 
17:53:32.594 [restartedMain] INFO  o.s.j.e.a.AnnotationMBeanExporter - Registering beans for JMX exposure on startup 
17:53:33.976 [restartedMain] INFO  o.s.b.c.e.t.TomcatEmbeddedServletContainer - Tomcat started on port(s): 8080 (http) 
17:53:34.000 [restartedMain] INFO  c.u.s.v.controller.StartupRunner - >>>>>>>>>>>>>>>服务启动执行，执行  <<<<<<<<<<<<< 
17:53:34.006 [restartedMain] INFO  com.ustcinfo.sdn.SdnApplication - Started SdnApplication in 18.745 seconds (JVM running for 20.744) 
17:53:34.002 [Vmware连接检测线程] INFO  c.u.sdn.vmware.Service.ClientSesion - 检查 连接状态 
17:53:34.022 [Vmware连接检测线程] ERROR c.u.sdn.vmware.Service.ClientSesion - 检查 异常 
java.lang.NullPointerException: null
	at com.ustcinfo.sdn.vmware.Service.ClientSesion.check(ClientSesion.java:72)
	at com.ustcinfo.sdn.vmware.Service.ClientSesion$KeepAlive.run(ClientSesion.java:86)
	at java.lang.Thread.run(Thread.java:745)
17:53:34.023 [Vmware连接检测线程] INFO  c.u.sdn.vmware.Service.ClientSesion - 检查 连接状态:断开连接，重新连接。 
17:53:35.920 [Vmware连接检测线程] INFO  c.u.sdn.vmware.Service.ClientSesion - 名称:VMware vCenter Server 5.5.0 build-3142196;版本:5.5.0;apiTypeVirtualCenter 
17:53:35.932 [Vmware连接检测线程] INFO  c.u.sdn.vmware.Service.ClientSesion - 检查 连接状态 
17:53:35.939 [Vmware连接检测线程] INFO  c.u.sdn.vmware.Service.ClientSesion - 检查 信息java.util.GregorianCalendar[time=?,areFieldsSet=false,areAllFieldsSet=true,lenient=true,zone=sun.util.calendar.ZoneInfo[id="GMT+00:00",offset=0,dstSavings=0,useDaylight=false,transitions=0,lastRule=null],firstDayOfWeek=1,minimalDaysInFirstWeek=1,ERA=1,YEAR=2017,MONTH=9,WEEK_OF_YEAR=1,WEEK_OF_MONTH=1,DAY_OF_MONTH=30,DAY_OF_YEAR=1,DAY_OF_WEEK=5,DAY_OF_WEEK_IN_MONTH=1,AM_PM=0,HOUR=0,HOUR_OF_DAY=9,MINUTE=53,SECOND=39,MILLISECOND=207,ZONE_OFFSET=0,DST_OFFSET=0] 
17:53:35.940 [Vmware连接检测线程] INFO  c.u.sdn.vmware.Service.ClientSesion - 检查 连接状态成功，休眠30000毫秒 
17:53:39.155 [http-nio-8080-exec-1] INFO  o.a.c.c.C.[Tomcat].[localhost].[/] - Initializing Spring FrameworkServlet 'dispatcherServlet' 
17:53:39.162 [http-nio-8080-exec-1] INFO  o.s.web.servlet.DispatcherServlet - FrameworkServlet 'dispatcherServlet': initialization started 
17:53:39.426 [http-nio-8080-exec-1] INFO  o.s.web.servlet.DispatcherServlet - FrameworkServlet 'dispatcherServlet': initialization completed in 263 ms 
17:53:39.994 [http-nio-8080-exec-1] INFO  c.u.sdn.vmware.Service.VmService - VirtualMachine numbers:187 
17:54:05.940 [Vmware连接检测线程] INFO  c.u.sdn.vmware.Service.ClientSesion - 检查 连接状态 
17:54:05.985 [Vmware连接检测线程] INFO  c.u.sdn.vmware.Service.ClientSesion - 检查 信息java.util.GregorianCalendar[time=?,areFieldsSet=false,areAllFieldsSet=true,lenient=true,zone=sun.util.calendar.ZoneInfo[id="GMT+00:00",offset=0,dstSavings=0,useDaylight=false,transitions=0,lastRule=null],firstDayOfWeek=1,minimalDaysInFirstWeek=1,ERA=1,YEAR=2017,MONTH=9,WEEK_OF_YEAR=1,WEEK_OF_MONTH=1,DAY_OF_MONTH=30,DAY_OF_YEAR=1,DAY_OF_WEEK=5,DAY_OF_WEEK_IN_MONTH=1,AM_PM=0,HOUR=0,HOUR_OF_DAY=9,MINUTE=54,SECOND=9,MILLISECOND=250,ZONE_OFFSET=0,DST_OFFSET=0] 
17:54:05.986 [Vmware连接检测线程] INFO  c.u.sdn.vmware.Service.ClientSesion - 检查 连接状态成功，休眠30000毫秒 
17:54:35.987 [Vmware连接检测线程] INFO  c.u.sdn.vmware.Service.ClientSesion - 检查 连接状态 
17:54:36.020 [Vmware连接检测线程] INFO  c.u.sdn.vmware.Service.ClientSesion - 检查 信息java.util.GregorianCalendar[time=?,areFieldsSet=false,areAllFieldsSet=true,lenient=true,zone=sun.util.calendar.ZoneInfo[id="GMT+00:00",offset=0,dstSavings=0,useDaylight=false,transitions=0,lastRule=null],firstDayOfWeek=1,minimalDaysInFirstWeek=1,ERA=1,YEAR=2017,MONTH=9,WEEK_OF_YEAR=1,WEEK_OF_MONTH=1,DAY_OF_MONTH=30,DAY_OF_YEAR=1,DAY_OF_WEEK=5,DAY_OF_WEEK_IN_MONTH=1,AM_PM=0,HOUR=0,HOUR_OF_DAY=9,MINUTE=54,SECOND=39,MILLISECOND=281,ZONE_OFFSET=0,DST_OFFSET=0] 
17:54:36.021 [Vmware连接检测线程] INFO  c.u.sdn.vmware.Service.ClientSesion - 检查 连接状态成功，休眠30000毫秒 
17:54:43.490 [Thread-6] INFO  o.s.b.c.e.AnnotationConfigEmbeddedWebApplicationContext - Closing org.springframework.boot.context.embedded.AnnotationConfigEmbeddedWebApplicationContext@5461e5d9: startup date [Mon Oct 30 17:53:17 CST 2017]; root of context hierarchy 
17:54:43.496 [Thread-6] INFO  o.s.j.e.a.AnnotationMBeanExporter - Unregistering JMX-exposed beans on shutdown 
17:54:44.733 [restartedMain] INFO  com.ustcinfo.sdn.SdnApplication - Starting SdnApplication on yu with PID 9700 (started by dong in F:\Program Files (x86)\workspaceSMS\sdn-vmware-vijava) 
17:54:44.734 [restartedMain] INFO  com.ustcinfo.sdn.SdnApplication - No active profile set, falling back to default profiles: default 
17:54:44.745 [restartedMain] INFO  o.s.b.c.e.AnnotationConfigEmbeddedWebApplicationContext - Refreshing org.springframework.boot.context.embedded.AnnotationConfigEmbeddedWebApplicationContext@471dbb62: startup date [Mon Oct 30 17:54:44 CST 2017]; root of context hierarchy 
17:54:46.229 [restartedMain] INFO  o.s.b.c.e.t.TomcatEmbeddedServletContainer - Tomcat initialized with port(s): 8080 (http) 
17:54:46.231 [restartedMain] INFO  o.a.catalina.core.StandardService - Starting service Tomcat 
17:54:46.231 [restartedMain] INFO  o.a.catalina.core.StandardEngine - Starting Servlet Engine: Apache Tomcat/8.5.14 
17:54:46.320 [localhost-startStop-1] INFO  o.a.c.c.C.[Tomcat].[localhost].[/] - Initializing Spring embedded WebApplicationContext 
17:54:46.322 [localhost-startStop-1] INFO  o.s.web.context.ContextLoader - Root WebApplicationContext: initialization completed in 1578 ms 
17:54:46.436 [localhost-startStop-1] INFO  o.s.b.w.s.ServletRegistrationBean - Mapping servlet: 'dispatcherServlet' to [/] 
17:54:46.444 [localhost-startStop-1] INFO  o.s.b.w.s.FilterRegistrationBean - Mapping filter: 'characterEncodingFilter' to: [/*] 
17:54:46.445 [localhost-startStop-1] INFO  o.s.b.w.s.FilterRegistrationBean - Mapping filter: 'hiddenHttpMethodFilter' to: [/*] 
17:54:46.446 [localhost-startStop-1] INFO  o.s.b.w.s.FilterRegistrationBean - Mapping filter: 'httpPutFormContentFilter' to: [/*] 
17:54:46.446 [localhost-startStop-1] INFO  o.s.b.w.s.FilterRegistrationBean - Mapping filter: 'requestContextFilter' to: [/*] 
17:54:46.712 [restartedMain] INFO  o.s.w.s.m.m.a.RequestMappingHandlerAdapter - Looking for @ControllerAdvice: org.springframework.boot.context.embedded.AnnotationConfigEmbeddedWebApplicationContext@471dbb62: startup date [Mon Oct 30 17:54:44 CST 2017]; root of context hierarchy 
17:54:46.732 [restartedMain] INFO  o.s.w.s.m.m.a.RequestMappingHandlerMapping - Mapped "{[/connect]}" onto public java.lang.String com.ustcinfo.sdn.vmware.controller.TestController.connect() 
17:54:46.732 [restartedMain] INFO  o.s.w.s.m.m.a.RequestMappingHandlerMapping - Mapped "{[/disconnect]}" onto public java.lang.String com.ustcinfo.sdn.vmware.controller.TestController.disconnect() 
17:54:46.734 [restartedMain] INFO  o.s.w.s.m.m.a.RequestMappingHandlerMapping - Mapped "{[/getVmDetial]}" onto public java.lang.String com.ustcinfo.sdn.vmware.controller.VmController.getVmDetial() throws com.vmware.vim25.InvalidProperty,com.vmware.vim25.RuntimeFault,java.rmi.RemoteException 
17:54:46.736 [restartedMain] INFO  o.s.w.s.m.m.a.RequestMappingHandlerMapping - Mapped "{[/index]}" onto public java.lang.String com.ustcinfo.sdn.vmware.controller.WebController.index() 
17:54:46.737 [restartedMain] INFO  o.s.w.s.m.m.a.RequestMappingHandlerMapping - Mapped "{[/whitelist]}" onto public java.lang.String com.ustcinfo.sdn.vmware.controller.WebController.whiteList() 
17:54:46.750 [restartedMain] INFO  o.s.w.s.m.m.a.RequestMappingHandlerMapping - Mapped "{[/error]}" onto public org.springframework.http.ResponseEntity<java.util.Map<java.lang.String, java.lang.Object>> org.springframework.boot.autoconfigure.web.BasicErrorController.error(javax.servlet.http.HttpServletRequest) 
17:54:46.751 [restartedMain] INFO  o.s.w.s.m.m.a.RequestMappingHandlerMapping - Mapped "{[/error],produces=[text/html]}" onto public org.springframework.web.servlet.ModelAndView org.springframework.boot.autoconfigure.web.BasicErrorController.errorHtml(javax.servlet.http.HttpServletRequest,javax.servlet.http.HttpServletResponse) 
17:54:46.787 [restartedMain] INFO  o.s.w.s.h.SimpleUrlHandlerMapping - Mapped URL path [/webjars/**] onto handler of type [class org.springframework.web.servlet.resource.ResourceHttpRequestHandler] 
17:54:46.788 [restartedMain] INFO  o.s.w.s.h.SimpleUrlHandlerMapping - Mapped URL path [/**] onto handler of type [class org.springframework.web.servlet.resource.ResourceHttpRequestHandler] 
17:54:46.856 [restartedMain] INFO  o.s.w.s.h.SimpleUrlHandlerMapping - Mapped URL path [/**/favicon.ico] onto handler of type [class org.springframework.web.servlet.resource.ResourceHttpRequestHandler] 
17:54:48.046 [restartedMain] INFO  o.s.b.d.a.OptionalLiveReloadServer - LiveReload server is running on port 35729 
17:54:48.217 [restartedMain] INFO  o.s.j.e.a.AnnotationMBeanExporter - Registering beans for JMX exposure on startup 
17:54:48.248 [restartedMain] INFO  o.s.b.c.e.t.TomcatEmbeddedServletContainer - Tomcat started on port(s): 8080 (http) 
17:54:48.251 [restartedMain] INFO  c.u.s.v.controller.StartupRunner - >>>>>>>>>>>>>>>服务启动执行，执行  <<<<<<<<<<<<< 
17:54:48.253 [Vmware连接检测线程] INFO  c.u.sdn.vmware.Service.ClientSesion - 检查 连接状态 
17:54:48.254 [restartedMain] INFO  com.ustcinfo.sdn.SdnApplication - Started SdnApplication in 3.8 seconds (JVM running for 94.992) 
17:54:48.255 [Vmware连接检测线程] ERROR c.u.sdn.vmware.Service.ClientSesion - 检查 异常 
java.lang.NullPointerException: null
	at com.ustcinfo.sdn.vmware.Service.ClientSesion.check(ClientSesion.java:72)
	at com.ustcinfo.sdn.vmware.Service.ClientSesion$KeepAlive.run(ClientSesion.java:86)
	at java.lang.Thread.run(Thread.java:745)
17:54:48.255 [Vmware连接检测线程] INFO  c.u.sdn.vmware.Service.ClientSesion - 检查 连接状态:断开连接，重新连接。 
17:54:48.545 [Vmware连接检测线程] INFO  c.u.sdn.vmware.Service.ClientSesion - 名称:VMware vCenter Server 5.5.0 build-3142196;版本:5.5.0;apiTypeVirtualCenter 
17:54:48.546 [Vmware连接检测线程] INFO  c.u.sdn.vmware.Service.ClientSesion - 检查 连接状态 
17:54:48.552 [Vmware连接检测线程] INFO  c.u.sdn.vmware.Service.ClientSesion - 检查 信息java.util.GregorianCalendar[time=?,areFieldsSet=false,areAllFieldsSet=true,lenient=true,zone=sun.util.calendar.ZoneInfo[id="GMT+00:00",offset=0,dstSavings=0,useDaylight=false,transitions=0,lastRule=null],firstDayOfWeek=1,minimalDaysInFirstWeek=1,ERA=1,YEAR=2017,MONTH=9,WEEK_OF_YEAR=1,WEEK_OF_MONTH=1,DAY_OF_MONTH=30,DAY_OF_YEAR=1,DAY_OF_WEEK=5,DAY_OF_WEEK_IN_MONTH=1,AM_PM=0,HOUR=0,HOUR_OF_DAY=9,MINUTE=54,SECOND=51,MILLISECOND=821,ZONE_OFFSET=0,DST_OFFSET=0] 
17:54:48.552 [Vmware连接检测线程] INFO  c.u.sdn.vmware.Service.ClientSesion - 检查 连接状态成功，休眠30000毫秒 
17:54:55.295 [http-nio-8080-exec-5] INFO  o.a.c.c.C.[Tomcat].[localhost].[/] - Initializing Spring FrameworkServlet 'dispatcherServlet' 
17:54:55.295 [http-nio-8080-exec-5] INFO  o.s.web.servlet.DispatcherServlet - FrameworkServlet 'dispatcherServlet': initialization started 
17:54:55.306 [http-nio-8080-exec-5] INFO  o.s.web.servlet.DispatcherServlet - FrameworkServlet 'dispatcherServlet': initialization completed in 10 ms 
17:54:55.665 [http-nio-8080-exec-5] INFO  c.u.sdn.vmware.Service.VmService - VirtualMachine numbers:187 
17:55:06.021 [Vmware连接检测线程] INFO  c.u.sdn.vmware.Service.ClientSesion - 检查 连接状态 
17:55:06.048 [Vmware连接检测线程] INFO  c.u.sdn.vmware.Service.ClientSesion - 检查 信息java.util.GregorianCalendar[time=?,areFieldsSet=false,areAllFieldsSet=true,lenient=true,zone=sun.util.calendar.ZoneInfo[id="GMT+00:00",offset=0,dstSavings=0,useDaylight=false,transitions=0,lastRule=null],firstDayOfWeek=1,minimalDaysInFirstWeek=1,ERA=1,YEAR=2017,MONTH=9,WEEK_OF_YEAR=1,WEEK_OF_MONTH=1,DAY_OF_MONTH=30,DAY_OF_YEAR=1,DAY_OF_WEEK=5,DAY_OF_WEEK_IN_MONTH=1,AM_PM=0,HOUR=0,HOUR_OF_DAY=9,MINUTE=55,SECOND=9,MILLISECOND=318,ZONE_OFFSET=0,DST_OFFSET=0] 
17:55:06.048 [Vmware连接检测线程] INFO  c.u.sdn.vmware.Service.ClientSesion - 检查 连接状态成功，休眠30000毫秒 
17:55:18.553 [Vmware连接检测线程] INFO  c.u.sdn.vmware.Service.ClientSesion - 检查 连接状态 
17:55:18.578 [Vmware连接检测线程] INFO  c.u.sdn.vmware.Service.ClientSesion - 检查 信息java.util.GregorianCalendar[time=?,areFieldsSet=false,areAllFieldsSet=true,lenient=true,zone=sun.util.calendar.ZoneInfo[id="GMT+00:00",offset=0,dstSavings=0,useDaylight=false,transitions=0,lastRule=null],firstDayOfWeek=1,minimalDaysInFirstWeek=1,ERA=1,YEAR=2017,MONTH=9,WEEK_OF_YEAR=1,WEEK_OF_MONTH=1,DAY_OF_MONTH=30,DAY_OF_YEAR=1,DAY_OF_WEEK=5,DAY_OF_WEEK_IN_MONTH=1,AM_PM=0,HOUR=0,HOUR_OF_DAY=9,MINUTE=55,SECOND=21,MILLISECOND=847,ZONE_OFFSET=0,DST_OFFSET=0] 
17:55:18.579 [Vmware连接检测线程] INFO  c.u.sdn.vmware.Service.ClientSesion - 检查 连接状态成功，休眠30000毫秒 
17:55:36.050 [Vmware连接检测线程] INFO  c.u.sdn.vmware.Service.ClientSesion - 检查 连接状态 
17:55:36.079 [Vmware连接检测线程] INFO  c.u.sdn.vmware.Service.ClientSesion - 检查 信息java.util.GregorianCalendar[time=?,areFieldsSet=false,areAllFieldsSet=true,lenient=true,zone=sun.util.calendar.ZoneInfo[id="GMT+00:00",offset=0,dstSavings=0,useDaylight=false,transitions=0,lastRule=null],firstDayOfWeek=1,minimalDaysInFirstWeek=1,ERA=1,YEAR=2017,MONTH=9,WEEK_OF_YEAR=1,WEEK_OF_MONTH=1,DAY_OF_MONTH=30,DAY_OF_YEAR=1,DAY_OF_WEEK=5,DAY_OF_WEEK_IN_MONTH=1,AM_PM=0,HOUR=0,HOUR_OF_DAY=9,MINUTE=55,SECOND=39,MILLISECOND=349,ZONE_OFFSET=0,DST_OFFSET=0] 
17:55:36.080 [Vmware连接检测线程] INFO  c.u.sdn.vmware.Service.ClientSesion - 检查 连接状态成功，休眠30000毫秒 
17:55:48.579 [Vmware连接检测线程] INFO  c.u.sdn.vmware.Service.ClientSesion - 检查 连接状态 
17:55:48.607 [Vmware连接检测线程] INFO  c.u.sdn.vmware.Service.ClientSesion - 检查 信息java.util.GregorianCalendar[time=?,areFieldsSet=false,areAllFieldsSet=true,lenient=true,zone=sun.util.calendar.ZoneInfo[id="GMT+00:00",offset=0,dstSavings=0,useDaylight=false,transitions=0,lastRule=null],firstDayOfWeek=1,minimalDaysInFirstWeek=1,ERA=1,YEAR=2017,MONTH=9,WEEK_OF_YEAR=1,WEEK_OF_MONTH=1,DAY_OF_MONTH=30,DAY_OF_YEAR=1,DAY_OF_WEEK=5,DAY_OF_WEEK_IN_MONTH=1,AM_PM=0,HOUR=0,HOUR_OF_DAY=9,MINUTE=55,SECOND=51,MILLISECOND=877,ZONE_OFFSET=0,DST_OFFSET=0] 
17:55:48.608 [Vmware连接检测线程] INFO  c.u.sdn.vmware.Service.ClientSesion - 检查 连接状态成功，休眠30000毫秒 
17:56:06.081 [Vmware连接检测线程] INFO  c.u.sdn.vmware.Service.ClientSesion - 检查 连接状态 
17:56:06.115 [Vmware连接检测线程] INFO  c.u.sdn.vmware.Service.ClientSesion - 检查 信息java.util.GregorianCalendar[time=?,areFieldsSet=false,areAllFieldsSet=true,lenient=true,zone=sun.util.calendar.ZoneInfo[id="GMT+00:00",offset=0,dstSavings=0,useDaylight=false,transitions=0,lastRule=null],firstDayOfWeek=1,minimalDaysInFirstWeek=1,ERA=1,YEAR=2017,MONTH=9,WEEK_OF_YEAR=1,WEEK_OF_MONTH=1,DAY_OF_MONTH=30,DAY_OF_YEAR=1,DAY_OF_WEEK=5,DAY_OF_WEEK_IN_MONTH=1,AM_PM=0,HOUR=0,HOUR_OF_DAY=9,MINUTE=56,SECOND=9,MILLISECOND=386,ZONE_OFFSET=0,DST_OFFSET=0] 
17:56:06.116 [Vmware连接检测线程] INFO  c.u.sdn.vmware.Service.ClientSesion - 检查 连接状态成功，休眠30000毫秒 
17:56:18.608 [Vmware连接检测线程] INFO  c.u.sdn.vmware.Service.ClientSesion - 检查 连接状态 
17:56:18.636 [Vmware连接检测线程] INFO  c.u.sdn.vmware.Service.ClientSesion - 检查 信息java.util.GregorianCalendar[time=?,areFieldsSet=false,areAllFieldsSet=true,lenient=true,zone=sun.util.calendar.ZoneInfo[id="GMT+00:00",offset=0,dstSavings=0,useDaylight=false,transitions=0,lastRule=null],firstDayOfWeek=1,minimalDaysInFirstWeek=1,ERA=1,YEAR=2017,MONTH=9,WEEK_OF_YEAR=1,WEEK_OF_MONTH=1,DAY_OF_MONTH=30,DAY_OF_YEAR=1,DAY_OF_WEEK=5,DAY_OF_WEEK_IN_MONTH=1,AM_PM=0,HOUR=0,HOUR_OF_DAY=9,MINUTE=56,SECOND=21,MILLISECOND=903,ZONE_OFFSET=0,DST_OFFSET=0] 
17:56:18.637 [Vmware连接检测线程] INFO  c.u.sdn.vmware.Service.ClientSesion - 检查 连接状态成功，休眠30000毫秒 
17:56:36.117 [Vmware连接检测线程] INFO  c.u.sdn.vmware.Service.ClientSesion - 检查 连接状态 
17:56:36.141 [Vmware连接检测线程] INFO  c.u.sdn.vmware.Service.ClientSesion - 检查 信息java.util.GregorianCalendar[time=?,areFieldsSet=false,areAllFieldsSet=true,lenient=true,zone=sun.util.calendar.ZoneInfo[id="GMT+00:00",offset=0,dstSavings=0,useDaylight=false,transitions=0,lastRule=null],firstDayOfWeek=1,minimalDaysInFirstWeek=1,ERA=1,YEAR=2017,MONTH=9,WEEK_OF_YEAR=1,WEEK_OF_MONTH=1,DAY_OF_MONTH=30,DAY_OF_YEAR=1,DAY_OF_WEEK=5,DAY_OF_WEEK_IN_MONTH=1,AM_PM=0,HOUR=0,HOUR_OF_DAY=9,MINUTE=56,SECOND=39,MILLISECOND=412,ZONE_OFFSET=0,DST_OFFSET=0] 
17:56:36.142 [Vmware连接检测线程] INFO  c.u.sdn.vmware.Service.ClientSesion - 检查 连接状态成功，休眠30000毫秒 
17:56:48.637 [Vmware连接检测线程] INFO  c.u.sdn.vmware.Service.ClientSesion - 检查 连接状态 
17:56:48.661 [Vmware连接检测线程] INFO  c.u.sdn.vmware.Service.ClientSesion - 检查 信息java.util.GregorianCalendar[time=?,areFieldsSet=false,areAllFieldsSet=true,lenient=true,zone=sun.util.calendar.ZoneInfo[id="GMT+00:00",offset=0,dstSavings=0,useDaylight=false,transitions=0,lastRule=null],firstDayOfWeek=1,minimalDaysInFirstWeek=1,ERA=1,YEAR=2017,MONTH=9,WEEK_OF_YEAR=1,WEEK_OF_MONTH=1,DAY_OF_MONTH=30,DAY_OF_YEAR=1,DAY_OF_WEEK=5,DAY_OF_WEEK_IN_MONTH=1,AM_PM=0,HOUR=0,HOUR_OF_DAY=9,MINUTE=56,SECOND=51,MILLISECOND=931,ZONE_OFFSET=0,DST_OFFSET=0] 
17:56:48.661 [Vmware连接检测线程] INFO  c.u.sdn.vmware.Service.ClientSesion - 检查 连接状态成功，休眠30000毫秒 
17:57:06.142 [Vmware连接检测线程] INFO  c.u.sdn.vmware.Service.ClientSesion - 检查 连接状态 
17:57:06.163 [Vmware连接检测线程] INFO  c.u.sdn.vmware.Service.ClientSesion - 检查 信息java.util.GregorianCalendar[time=?,areFieldsSet=false,areAllFieldsSet=true,lenient=true,zone=sun.util.calendar.ZoneInfo[id="GMT+00:00",offset=0,dstSavings=0,useDaylight=false,transitions=0,lastRule=null],firstDayOfWeek=1,minimalDaysInFirstWeek=1,ERA=1,YEAR=2017,MONTH=9,WEEK_OF_YEAR=1,WEEK_OF_MONTH=1,DAY_OF_MONTH=30,DAY_OF_YEAR=1,DAY_OF_WEEK=5,DAY_OF_WEEK_IN_MONTH=1,AM_PM=0,HOUR=0,HOUR_OF_DAY=9,MINUTE=57,SECOND=9,MILLISECOND=434,ZONE_OFFSET=0,DST_OFFSET=0] 
17:57:06.164 [Vmware连接检测线程] INFO  c.u.sdn.vmware.Service.ClientSesion - 检查 连接状态成功，休眠30000毫秒 
17:57:10.074 [Thread-11] INFO  o.s.b.c.e.AnnotationConfigEmbeddedWebApplicationContext - Closing org.springframework.boot.context.embedded.AnnotationConfigEmbeddedWebApplicationContext@471dbb62: startup date [Mon Oct 30 17:54:44 CST 2017]; root of context hierarchy 
17:57:10.077 [Thread-11] INFO  o.s.j.e.a.AnnotationMBeanExporter - Unregistering JMX-exposed beans on shutdown 
17:57:11.231 [restartedMain] INFO  com.ustcinfo.sdn.SdnApplication - Starting SdnApplication on yu with PID 9700 (started by dong in F:\Program Files (x86)\workspaceSMS\sdn-vmware-vijava) 
17:57:11.232 [restartedMain] INFO  com.ustcinfo.sdn.SdnApplication - No active profile set, falling back to default profiles: default 
17:57:11.255 [restartedMain] INFO  o.s.b.c.e.AnnotationConfigEmbeddedWebApplicationContext - Refreshing org.springframework.boot.context.embedded.AnnotationConfigEmbeddedWebApplicationContext@54838457: startup date [Mon Oct 30 17:57:11 CST 2017]; root of context hierarchy 
17:57:12.743 [restartedMain] INFO  o.s.b.c.e.t.TomcatEmbeddedServletContainer - Tomcat initialized with port(s): 8080 (http) 
17:57:12.745 [restartedMain] INFO  o.a.catalina.core.StandardService - Starting service Tomcat 
17:57:12.745 [restartedMain] INFO  o.a.catalina.core.StandardEngine - Starting Servlet Engine: Apache Tomcat/8.5.14 
17:57:12.778 [localhost-startStop-1] INFO  o.a.c.c.C.[Tomcat].[localhost].[/] - Initializing Spring embedded WebApplicationContext 
17:57:12.780 [localhost-startStop-1] INFO  o.s.web.context.ContextLoader - Root WebApplicationContext: initialization completed in 1525 ms 
17:57:12.866 [localhost-startStop-1] INFO  o.s.b.w.s.ServletRegistrationBean - Mapping servlet: 'dispatcherServlet' to [/] 
17:57:12.867 [localhost-startStop-1] INFO  o.s.b.w.s.FilterRegistrationBean - Mapping filter: 'characterEncodingFilter' to: [/*] 
17:57:12.868 [localhost-startStop-1] INFO  o.s.b.w.s.FilterRegistrationBean - Mapping filter: 'hiddenHttpMethodFilter' to: [/*] 
17:57:12.868 [localhost-startStop-1] INFO  o.s.b.w.s.FilterRegistrationBean - Mapping filter: 'httpPutFormContentFilter' to: [/*] 
17:57:12.869 [localhost-startStop-1] INFO  o.s.b.w.s.FilterRegistrationBean - Mapping filter: 'requestContextFilter' to: [/*] 
17:57:13.079 [restartedMain] INFO  o.s.w.s.m.m.a.RequestMappingHandlerAdapter - Looking for @ControllerAdvice: org.springframework.boot.context.embedded.AnnotationConfigEmbeddedWebApplicationContext@54838457: startup date [Mon Oct 30 17:57:11 CST 2017]; root of context hierarchy 
17:57:13.113 [restartedMain] INFO  o.s.w.s.m.m.a.RequestMappingHandlerMapping - Mapped "{[/connect]}" onto public java.lang.String com.ustcinfo.sdn.vmware.controller.TestController.connect() 
17:57:13.114 [restartedMain] INFO  o.s.w.s.m.m.a.RequestMappingHandlerMapping - Mapped "{[/disconnect]}" onto public java.lang.String com.ustcinfo.sdn.vmware.controller.TestController.disconnect() 
17:57:13.115 [restartedMain] INFO  o.s.w.s.m.m.a.RequestMappingHandlerMapping - Mapped "{[/getVmDetial]}" onto public java.lang.String com.ustcinfo.sdn.vmware.controller.VmController.getVmDetial() throws com.vmware.vim25.InvalidProperty,com.vmware.vim25.RuntimeFault,java.rmi.RemoteException 
17:57:13.115 [restartedMain] INFO  o.s.w.s.m.m.a.RequestMappingHandlerMapping - Mapped "{[/index]}" onto public java.lang.String com.ustcinfo.sdn.vmware.controller.WebController.index() 
17:57:13.116 [restartedMain] INFO  o.s.w.s.m.m.a.RequestMappingHandlerMapping - Mapped "{[/whitelist]}" onto public java.lang.String com.ustcinfo.sdn.vmware.controller.WebController.whiteList() 
17:57:13.119 [restartedMain] INFO  o.s.w.s.m.m.a.RequestMappingHandlerMapping - Mapped "{[/error]}" onto public org.springframework.http.ResponseEntity<java.util.Map<java.lang.String, java.lang.Object>> org.springframework.boot.autoconfigure.web.BasicErrorController.error(javax.servlet.http.HttpServletRequest) 
17:57:13.120 [restartedMain] INFO  o.s.w.s.m.m.a.RequestMappingHandlerMapping - Mapped "{[/error],produces=[text/html]}" onto public org.springframework.web.servlet.ModelAndView org.springframework.boot.autoconfigure.web.BasicErrorController.errorHtml(javax.servlet.http.HttpServletRequest,javax.servlet.http.HttpServletResponse) 
17:57:13.137 [restartedMain] INFO  o.s.w.s.h.SimpleUrlHandlerMapping - Mapped URL path [/webjars/**] onto handler of type [class org.springframework.web.servlet.resource.ResourceHttpRequestHandler] 
17:57:13.137 [restartedMain] INFO  o.s.w.s.h.SimpleUrlHandlerMapping - Mapped URL path [/**] onto handler of type [class org.springframework.web.servlet.resource.ResourceHttpRequestHandler] 
17:57:13.164 [restartedMain] INFO  o.s.w.s.h.SimpleUrlHandlerMapping - Mapped URL path [/**/favicon.ico] onto handler of type [class org.springframework.web.servlet.resource.ResourceHttpRequestHandler] 
17:57:14.275 [restartedMain] INFO  o.s.b.d.a.OptionalLiveReloadServer - LiveReload server is running on port 35729 
17:57:14.382 [restartedMain] INFO  o.s.j.e.a.AnnotationMBeanExporter - Registering beans for JMX exposure on startup 
17:57:14.409 [restartedMain] INFO  o.s.b.c.e.t.TomcatEmbeddedServletContainer - Tomcat started on port(s): 8080 (http) 
17:57:14.413 [restartedMain] INFO  c.u.s.v.controller.StartupRunner - >>>>>>>>>>>>>>>服务启动执行，执行  <<<<<<<<<<<<< 
17:57:14.415 [Vmware连接检测线程] INFO  c.u.sdn.vmware.Service.ClientSesion - 检查 连接状态 
17:57:14.415 [Vmware连接检测线程] ERROR c.u.sdn.vmware.Service.ClientSesion - 检查 异常 
java.lang.NullPointerException: null
	at com.ustcinfo.sdn.vmware.Service.ClientSesion.check(ClientSesion.java:72)
	at com.ustcinfo.sdn.vmware.Service.ClientSesion$KeepAlive.run(ClientSesion.java:86)
	at java.lang.Thread.run(Thread.java:745)
17:57:14.415 [Vmware连接检测线程] INFO  c.u.sdn.vmware.Service.ClientSesion - 检查 连接状态:断开连接，重新连接。 
17:57:14.415 [restartedMain] INFO  com.ustcinfo.sdn.SdnApplication - Started SdnApplication in 3.387 seconds (JVM running for 241.154) 
17:57:14.688 [Vmware连接检测线程] INFO  c.u.sdn.vmware.Service.ClientSesion - 名称:VMware vCenter Server 5.5.0 build-3142196;版本:5.5.0;apiTypeVirtualCenter 
17:57:14.689 [Vmware连接检测线程] INFO  c.u.sdn.vmware.Service.ClientSesion - 检查 连接状态 
17:57:14.701 [Vmware连接检测线程] INFO  c.u.sdn.vmware.Service.ClientSesion - 检查 信息java.util.GregorianCalendar[time=?,areFieldsSet=false,areAllFieldsSet=true,lenient=true,zone=sun.util.calendar.ZoneInfo[id="GMT+00:00",offset=0,dstSavings=0,useDaylight=false,transitions=0,lastRule=null],firstDayOfWeek=1,minimalDaysInFirstWeek=1,ERA=1,YEAR=2017,MONTH=9,WEEK_OF_YEAR=1,WEEK_OF_MONTH=1,DAY_OF_MONTH=30,DAY_OF_YEAR=1,DAY_OF_WEEK=5,DAY_OF_WEEK_IN_MONTH=1,AM_PM=0,HOUR=0,HOUR_OF_DAY=9,MINUTE=57,SECOND=17,MILLISECOND=968,ZONE_OFFSET=0,DST_OFFSET=0] 
17:57:14.701 [Vmware连接检测线程] INFO  c.u.sdn.vmware.Service.ClientSesion - 检查 连接状态成功，休眠30000毫秒 
17:57:17.200 [http-nio-8080-exec-10] INFO  o.a.c.c.C.[Tomcat].[localhost].[/] - Initializing Spring FrameworkServlet 'dispatcherServlet' 
17:57:17.200 [http-nio-8080-exec-10] INFO  o.s.web.servlet.DispatcherServlet - FrameworkServlet 'dispatcherServlet': initialization started 
17:57:17.203 [http-nio-8080-exec-10] INFO  o.s.web.servlet.DispatcherServlet - FrameworkServlet 'dispatcherServlet': initialization completed in 3 ms 
17:57:17.313 [http-nio-8080-exec-10] INFO  c.u.sdn.vmware.Service.VmService - VirtualMachine numbers:187 
17:57:18.661 [Vmware连接检测线程] INFO  c.u.sdn.vmware.Service.ClientSesion - 检查 连接状态 
17:57:18.666 [Vmware连接检测线程] INFO  c.u.sdn.vmware.Service.ClientSesion - 检查 信息java.util.GregorianCalendar[time=?,areFieldsSet=false,areAllFieldsSet=true,lenient=true,zone=sun.util.calendar.ZoneInfo[id="GMT+00:00",offset=0,dstSavings=0,useDaylight=false,transitions=0,lastRule=null],firstDayOfWeek=1,minimalDaysInFirstWeek=1,ERA=1,YEAR=2017,MONTH=9,WEEK_OF_YEAR=1,WEEK_OF_MONTH=1,DAY_OF_MONTH=30,DAY_OF_YEAR=1,DAY_OF_WEEK=5,DAY_OF_WEEK_IN_MONTH=1,AM_PM=0,HOUR=0,HOUR_OF_DAY=9,MINUTE=57,SECOND=21,MILLISECOND=939,ZONE_OFFSET=0,DST_OFFSET=0] 
17:57:18.666 [Vmware连接检测线程] INFO  c.u.sdn.vmware.Service.ClientSesion - 检查 连接状态成功，休眠30000毫秒 
17:57:36.165 [Vmware连接检测线程] INFO  c.u.sdn.vmware.Service.ClientSesion - 检查 连接状态 
17:57:36.192 [Vmware连接检测线程] INFO  c.u.sdn.vmware.Service.ClientSesion - 检查 信息java.util.GregorianCalendar[time=?,areFieldsSet=false,areAllFieldsSet=true,lenient=true,zone=sun.util.calendar.ZoneInfo[id="GMT+00:00",offset=0,dstSavings=0,useDaylight=false,transitions=0,lastRule=null],firstDayOfWeek=1,minimalDaysInFirstWeek=1,ERA=1,YEAR=2017,MONTH=9,WEEK_OF_YEAR=1,WEEK_OF_MONTH=1,DAY_OF_MONTH=30,DAY_OF_YEAR=1,DAY_OF_WEEK=5,DAY_OF_WEEK_IN_MONTH=1,AM_PM=0,HOUR=0,HOUR_OF_DAY=9,MINUTE=57,SECOND=39,MILLISECOND=464,ZONE_OFFSET=0,DST_OFFSET=0] 
17:57:36.193 [Vmware连接检测线程] INFO  c.u.sdn.vmware.Service.ClientSesion - 检查 连接状态成功，休眠30000毫秒 
